Fetching doctor slots...
Fetching: https://www.znanylekarz.pl/api/v3/doctors/350711/addresses/1074094/slots?start=2024-12-29T00%3A00%3A00%2B01%3A00&end=2025-01-12T00%3A00%3A00%2B01%3A00&includingSaasOnlyCalendar=false&with%5B%5D=address.nearest_slot_after_end&with%5B%5D=links.book.patient&with%5B%5D=slot.doctor_id&with%5B%5D=slot.address_id&with%5B%5D=slot.address&with%5B%5D=slot.with_booked
Fetching: https://www.znanylekarz.pl/api/v3/doctors/359103/addresses/982493/slots?start=2024-12-29T00%3A00%3A00%2B01%3A00&end=2025-01-12T00%3A00%3A00%2B01%3A00&includingSaasOnlyCalendar=false&with%5B%5D=address.nearest_slot_after_end&with%5B%5D=links.book.patient&with%5B%5D=slot.doctor_id&with%5B%5D=slot.address_id&with%5B%5D=slot.address&with%5B%5D=slot.with_booked
Fetching: https://www.znanylekarz.pl/api/v3/doctors/263877/addresses/995702/slots?start=2024-12-29T00%3A00%3A00%2B01%3A00&end=2025-01-12T00%3A00%3A00%2B01%3A00&includingSaasOnlyCalendar=false&with%5B%5D=address.nearest_slot_after_end&with%5B%5D=links.book.patient&with%5B%5D=slot.doctor_id&with%5B%5D=slot.address_id&with%5B%5D=slot.address&with%5B%5D=slot.with_booked
Fetching: https://www.znanylekarz.pl/api/v3/doctors/350774/addresses/966936/slots?start=2024-12-29T00%3A00%3A00%2B01%3A00&end=2025-01-12T00%3A00%3A00%2B01%3A00&includingSaasOnlyCalendar=false&with%5B%5D=address.nearest_slot_after_end&with%5B%5D=links.book.patient&with%5B%5D=slot.doctor_id&with%5B%5D=slot.address_id&with%5B%5D=slot.address&with%5B%5D=slot.with_booked
Fetching: https://www.znanylekarz.pl/api/v3/doctors/379624/addresses/1042766/slots?start=2024-12-29T00%3A00%3A00%2B01%3A00&end=2025-01-12T00%3A00%3A00%2B01%3A00&includingSaasOnlyCalendar=false&with%5B%5D=address.nearest_slot_after_end&with%5B%5D=links.book.patient&with%5B%5D=slot.doctor_id&with%5B%5D=slot.address_id&with%5B%5D=slot.address&with%5B%5D=slot.with_booked
Fetching: https://www.znanylekarz.pl/api/v3/doctors/262029/addresses/946215/slots?start=2024-12-29T00%3A00%3A00%2B01%3A00&end=2025-01-12T00%3A00%3A00%2B01%3A00&includingSaasOnlyCalendar=false&with%5B%5D=address.nearest_slot_after_end&with%5B%5D=links.book.patient&with%5B%5D=slot.doctor_id&with%5B%5D=slot.address_id&with%5B%5D=slot.address&with%5B%5D=slot.with_booked
Fetching: https://www.znanylekarz.pl/api/v3/doctors/348936/addresses/1031602/slots?start=2024-12-29T00%3A00%3A00%2B01%3A00&end=2025-01-12T00%3A00%3A00%2B01%3A00&includingSaasOnlyCalendar=false&with%5B%5D=address.nearest_slot_after_end&with%5B%5D=links.book.patient&with%5B%5D=slot.doctor_id&with%5B%5D=slot.address_id&with%5B%5D=slot.address&with%5B%5D=slot.with_booked
Fetching: https://www.znanylekarz.pl/api/v3/doctors/333060/addresses/950114/slots?start=2024-12-29T00%3A00%3A00%2B01%3A00&end=2025-01-12T00%3A00%3A00%2B01%3A00&includingSaasOnlyCalendar=false&with%5B%5D=address.nearest_slot_after_end&with%5B%5D=links.book.patient&with%5B%5D=slot.doctor_id&with%5B%5D=slot.address_id&with%5B%5D=slot.address&with%5B%5D=slot.with_booked
Fetching: https://www.znanylekarz.pl/api/v3/doctors/331654/addresses/879864/slots?start=2024-12-29T00%3A00%3A00%2B01%3A00&end=2025-01-12T00%3A00%3A00%2B01%3A00&includingSaasOnlyCalendar=false&with%5B%5D=address.nearest_slot_after_end&with%5B%5D=links.book.patient&with%5B%5D=slot.doctor_id&with%5B%5D=slot.address_id&with%5B%5D=slot.address&with%5B%5D=slot.with_booked
Fetching: https://www.znanylekarz.pl/api/v3/doctors/374835/addresses/1027611/slots?start=2024-12-29T00%3A00%3A00%2B01%3A00&end=2025-01-12T00%3A00%3A00%2B01%3A00&includingSaasOnlyCalendar=false&with%5B%5D=address.nearest_slot_after_end&with%5B%5D=links.book.patient&with%5B%5D=slot.doctor_id&with%5B%5D=slot.address_id&with%5B%5D=slot.address&with%5B%5D=slot.with_booked
Fetching: https://www.znanylekarz.pl/api/v3/doctors/302078/addresses/902740/slots?start=2024-12-29T00%3A00%3A00%2B01%3A00&end=2025-01-12T00%3A00%3A00%2B01%3A00&includingSaasOnlyCalendar=false&with%5B%5D=address.nearest_slot_after_end&with%5B%5D=links.book.patient&with%5B%5D=slot.doctor_id&with%5B%5D=slot.address_id&with%5B%5D=slot.address&with%5B%5D=slot.with_booked
Writing results to /home/rkrawczyszyn/demos/response.json...
Done! Results saved to response.json.
[main ef99ba6] updated at 2024-12-29 20:00:09
 1 file changed, 1 insertion(+), 1 deletion(-)
To https://github.com/rkrawczyszyn/demos.git
   a1c9edb..ef99ba6  main -> main
Changes pushed with commit message: 'updated at 2024-12-29 20:00:09'
Fetching doctor slots...
Fetching: https://www.znanylekarz.pl/api/v3/doctors/350711/addresses/1074094/slots?start=2024-12-29T00%3A00%3A00%2B01%3A00&end=2025-01-12T00%3A00%3A00%2B01%3A00&includingSaasOnlyCalendar=false&with%5B%5D=address.nearest_slot_after_end&with%5B%5D=links.book.patient&with%5B%5D=slot.doctor_id&with%5B%5D=slot.address_id&with%5B%5D=slot.address&with%5B%5D=slot.with_booked
Fetching: https://www.znanylekarz.pl/api/v3/doctors/359103/addresses/982493/slots?start=2024-12-29T00%3A00%3A00%2B01%3A00&end=2025-01-12T00%3A00%3A00%2B01%3A00&includingSaasOnlyCalendar=false&with%5B%5D=address.nearest_slot_after_end&with%5B%5D=links.book.patient&with%5B%5D=slot.doctor_id&with%5B%5D=slot.address_id&with%5B%5D=slot.address&with%5B%5D=slot.with_booked
Fetching: https://www.znanylekarz.pl/api/v3/doctors/263877/addresses/995702/slots?start=2024-12-29T00%3A00%3A00%2B01%3A00&end=2025-01-12T00%3A00%3A00%2B01%3A00&includingSaasOnlyCalendar=false&with%5B%5D=address.nearest_slot_after_end&with%5B%5D=links.book.patient&with%5B%5D=slot.doctor_id&with%5B%5D=slot.address_id&with%5B%5D=slot.address&with%5B%5D=slot.with_booked
Fetching: https://www.znanylekarz.pl/api/v3/doctors/350774/addresses/966936/slots?start=2024-12-29T00%3A00%3A00%2B01%3A00&end=2025-01-12T00%3A00%3A00%2B01%3A00&includingSaasOnlyCalendar=false&with%5B%5D=address.nearest_slot_after_end&with%5B%5D=links.book.patient&with%5B%5D=slot.doctor_id&with%5B%5D=slot.address_id&with%5B%5D=slot.address&with%5B%5D=slot.with_booked
Fetching: https://www.znanylekarz.pl/api/v3/doctors/379624/addresses/1042766/slots?start=2024-12-29T00%3A00%3A00%2B01%3A00&end=2025-01-12T00%3A00%3A00%2B01%3A00&includingSaasOnlyCalendar=false&with%5B%5D=address.nearest_slot_after_end&with%5B%5D=links.book.patient&with%5B%5D=slot.doctor_id&with%5B%5D=slot.address_id&with%5B%5D=slot.address&with%5B%5D=slot.with_booked
Fetching: https://www.znanylekarz.pl/api/v3/doctors/262029/addresses/946215/slots?start=2024-12-29T00%3A00%3A00%2B01%3A00&end=2025-01-12T00%3A00%3A00%2B01%3A00&includingSaasOnlyCalendar=false&with%5B%5D=address.nearest_slot_after_end&with%5B%5D=links.book.patient&with%5B%5D=slot.doctor_id&with%5B%5D=slot.address_id&with%5B%5D=slot.address&with%5B%5D=slot.with_booked
Fetching: https://www.znanylekarz.pl/api/v3/doctors/348936/addresses/1031602/slots?start=2024-12-29T00%3A00%3A00%2B01%3A00&end=2025-01-12T00%3A00%3A00%2B01%3A00&includingSaasOnlyCalendar=false&with%5B%5D=address.nearest_slot_after_end&with%5B%5D=links.book.patient&with%5B%5D=slot.doctor_id&with%5B%5D=slot.address_id&with%5B%5D=slot.address&with%5B%5D=slot.with_booked
Fetching: https://www.znanylekarz.pl/api/v3/doctors/333060/addresses/950114/slots?start=2024-12-29T00%3A00%3A00%2B01%3A00&end=2025-01-12T00%3A00%3A00%2B01%3A00&includingSaasOnlyCalendar=false&with%5B%5D=address.nearest_slot_after_end&with%5B%5D=links.book.patient&with%5B%5D=slot.doctor_id&with%5B%5D=slot.address_id&with%5B%5D=slot.address&with%5B%5D=slot.with_booked
Fetching: https://www.znanylekarz.pl/api/v3/doctors/331654/addresses/879864/slots?start=2024-12-29T00%3A00%3A00%2B01%3A00&end=2025-01-12T00%3A00%3A00%2B01%3A00&includingSaasOnlyCalendar=false&with%5B%5D=address.nearest_slot_after_end&with%5B%5D=links.book.patient&with%5B%5D=slot.doctor_id&with%5B%5D=slot.address_id&with%5B%5D=slot.address&with%5B%5D=slot.with_booked
Fetching: https://www.znanylekarz.pl/api/v3/doctors/374835/addresses/1027611/slots?start=2024-12-29T00%3A00%3A00%2B01%3A00&end=2025-01-12T00%3A00%3A00%2B01%3A00&includingSaasOnlyCalendar=false&with%5B%5D=address.nearest_slot_after_end&with%5B%5D=links.book.patient&with%5B%5D=slot.doctor_id&with%5B%5D=slot.address_id&with%5B%5D=slot.address&with%5B%5D=slot.with_booked
Fetching: https://www.znanylekarz.pl/api/v3/doctors/302078/addresses/902740/slots?start=2024-12-29T00%3A00%3A00%2B01%3A00&end=2025-01-12T00%3A00%3A00%2B01%3A00&includingSaasOnlyCalendar=false&with%5B%5D=address.nearest_slot_after_end&with%5B%5D=links.book.patient&with%5B%5D=slot.doctor_id&with%5B%5D=slot.address_id&with%5B%5D=slot.address&with%5B%5D=slot.with_booked
Writing results to /home/rkrawczyszyn/demos/response.json...
Done! Results saved to response.json.
[main 6bd9f9f] updated at 2024-12-29 21:00:10
 2 files changed, 20 insertions(+), 1 deletion(-)
To https://github.com/rkrawczyszyn/demos.git
   ef99ba6..6bd9f9f  main -> main
Changes pushed with commit message: 'updated at 2024-12-29 21:00:10'
Fetching doctor slots...
Fetching: https://www.znanylekarz.pl/api/v3/doctors/350711/addresses/1074094/slots?start=2024-12-29T00%3A00%3A00%2B01%3A00&end=2025-01-12T00%3A00%3A00%2B01%3A00&includingSaasOnlyCalendar=false&with%5B%5D=address.nearest_slot_after_end&with%5B%5D=links.book.patient&with%5B%5D=slot.doctor_id&with%5B%5D=slot.address_id&with%5B%5D=slot.address&with%5B%5D=slot.with_booked
Fetching: https://www.znanylekarz.pl/api/v3/doctors/359103/addresses/982493/slots?start=2024-12-29T00%3A00%3A00%2B01%3A00&end=2025-01-12T00%3A00%3A00%2B01%3A00&includingSaasOnlyCalendar=false&with%5B%5D=address.nearest_slot_after_end&with%5B%5D=links.book.patient&with%5B%5D=slot.doctor_id&with%5B%5D=slot.address_id&with%5B%5D=slot.address&with%5B%5D=slot.with_booked
Fetching: https://www.znanylekarz.pl/api/v3/doctors/263877/addresses/995702/slots?start=2024-12-29T00%3A00%3A00%2B01%3A00&end=2025-01-12T00%3A00%3A00%2B01%3A00&includingSaasOnlyCalendar=false&with%5B%5D=address.nearest_slot_after_end&with%5B%5D=links.book.patient&with%5B%5D=slot.doctor_id&with%5B%5D=slot.address_id&with%5B%5D=slot.address&with%5B%5D=slot.with_booked
Fetching: https://www.znanylekarz.pl/api/v3/doctors/350774/addresses/966936/slots?start=2024-12-29T00%3A00%3A00%2B01%3A00&end=2025-01-12T00%3A00%3A00%2B01%3A00&includingSaasOnlyCalendar=false&with%5B%5D=address.nearest_slot_after_end&with%5B%5D=links.book.patient&with%5B%5D=slot.doctor_id&with%5B%5D=slot.address_id&with%5B%5D=slot.address&with%5B%5D=slot.with_booked
Fetching: https://www.znanylekarz.pl/api/v3/doctors/379624/addresses/1042766/slots?start=2024-12-29T00%3A00%3A00%2B01%3A00&end=2025-01-12T00%3A00%3A00%2B01%3A00&includingSaasOnlyCalendar=false&with%5B%5D=address.nearest_slot_after_end&with%5B%5D=links.book.patient&with%5B%5D=slot.doctor_id&with%5B%5D=slot.address_id&with%5B%5D=slot.address&with%5B%5D=slot.with_booked
Fetching: https://www.znanylekarz.pl/api/v3/doctors/262029/addresses/946215/slots?start=2024-12-29T00%3A00%3A00%2B01%3A00&end=2025-01-12T00%3A00%3A00%2B01%3A00&includingSaasOnlyCalendar=false&with%5B%5D=address.nearest_slot_after_end&with%5B%5D=links.book.patient&with%5B%5D=slot.doctor_id&with%5B%5D=slot.address_id&with%5B%5D=slot.address&with%5B%5D=slot.with_booked
Fetching: https://www.znanylekarz.pl/api/v3/doctors/348936/addresses/1031602/slots?start=2024-12-29T00%3A00%3A00%2B01%3A00&end=2025-01-12T00%3A00%3A00%2B01%3A00&includingSaasOnlyCalendar=false&with%5B%5D=address.nearest_slot_after_end&with%5B%5D=links.book.patient&with%5B%5D=slot.doctor_id&with%5B%5D=slot.address_id&with%5B%5D=slot.address&with%5B%5D=slot.with_booked
Fetching: https://www.znanylekarz.pl/api/v3/doctors/333060/addresses/950114/slots?start=2024-12-29T00%3A00%3A00%2B01%3A00&end=2025-01-12T00%3A00%3A00%2B01%3A00&includingSaasOnlyCalendar=false&with%5B%5D=address.nearest_slot_after_end&with%5B%5D=links.book.patient&with%5B%5D=slot.doctor_id&with%5B%5D=slot.address_id&with%5B%5D=slot.address&with%5B%5D=slot.with_booked
Fetching: https://www.znanylekarz.pl/api/v3/doctors/331654/addresses/879864/slots?start=2024-12-29T00%3A00%3A00%2B01%3A00&end=2025-01-12T00%3A00%3A00%2B01%3A00&includingSaasOnlyCalendar=false&with%5B%5D=address.nearest_slot_after_end&with%5B%5D=links.book.patient&with%5B%5D=slot.doctor_id&with%5B%5D=slot.address_id&with%5B%5D=slot.address&with%5B%5D=slot.with_booked
Fetching: https://www.znanylekarz.pl/api/v3/doctors/374835/addresses/1027611/slots?start=2024-12-29T00%3A00%3A00%2B01%3A00&end=2025-01-12T00%3A00%3A00%2B01%3A00&includingSaasOnlyCalendar=false&with%5B%5D=address.nearest_slot_after_end&with%5B%5D=links.book.patient&with%5B%5D=slot.doctor_id&with%5B%5D=slot.address_id&with%5B%5D=slot.address&with%5B%5D=slot.with_booked
Fetching: https://www.znanylekarz.pl/api/v3/doctors/302078/addresses/902740/slots?start=2024-12-29T00%3A00%3A00%2B01%3A00&end=2025-01-12T00%3A00%3A00%2B01%3A00&includingSaasOnlyCalendar=false&with%5B%5D=address.nearest_slot_after_end&with%5B%5D=links.book.patient&with%5B%5D=slot.doctor_id&with%5B%5D=slot.address_id&with%5B%5D=slot.address&with%5B%5D=slot.with_booked
Writing results to /home/rkrawczyszyn/demos/response.json...
Done! Results saved to response.json.
[main e430e84] updated at 2024-12-29 22:00:08
 2 files changed, 24 insertions(+), 5 deletions(-)
To https://github.com/rkrawczyszyn/demos.git
   6bd9f9f..e430e84  main -> main
Changes pushed with commit message: 'updated at 2024-12-29 22:00:08'
Fetching doctor slots...
Fetching: https://www.znanylekarz.pl/api/v3/doctors/350711/addresses/1074094/slots?start=2024-12-29T00%3A00%3A00%2B01%3A00&end=2025-01-12T00%3A00%3A00%2B01%3A00&includingSaasOnlyCalendar=false&with%5B%5D=address.nearest_slot_after_end&with%5B%5D=links.book.patient&with%5B%5D=slot.doctor_id&with%5B%5D=slot.address_id&with%5B%5D=slot.address&with%5B%5D=slot.with_booked
Fetching: https://www.znanylekarz.pl/api/v3/doctors/359103/addresses/982493/slots?start=2024-12-29T00%3A00%3A00%2B01%3A00&end=2025-01-12T00%3A00%3A00%2B01%3A00&includingSaasOnlyCalendar=false&with%5B%5D=address.nearest_slot_after_end&with%5B%5D=links.book.patient&with%5B%5D=slot.doctor_id&with%5B%5D=slot.address_id&with%5B%5D=slot.address&with%5B%5D=slot.with_booked
Fetching: https://www.znanylekarz.pl/api/v3/doctors/263877/addresses/995702/slots?start=2024-12-29T00%3A00%3A00%2B01%3A00&end=2025-01-12T00%3A00%3A00%2B01%3A00&includingSaasOnlyCalendar=false&with%5B%5D=address.nearest_slot_after_end&with%5B%5D=links.book.patient&with%5B%5D=slot.doctor_id&with%5B%5D=slot.address_id&with%5B%5D=slot.address&with%5B%5D=slot.with_booked
Fetching: https://www.znanylekarz.pl/api/v3/doctors/350774/addresses/966936/slots?start=2024-12-29T00%3A00%3A00%2B01%3A00&end=2025-01-12T00%3A00%3A00%2B01%3A00&includingSaasOnlyCalendar=false&with%5B%5D=address.nearest_slot_after_end&with%5B%5D=links.book.patient&with%5B%5D=slot.doctor_id&with%5B%5D=slot.address_id&with%5B%5D=slot.address&with%5B%5D=slot.with_booked
Fetching: https://www.znanylekarz.pl/api/v3/doctors/379624/addresses/1042766/slots?start=2024-12-29T00%3A00%3A00%2B01%3A00&end=2025-01-12T00%3A00%3A00%2B01%3A00&includingSaasOnlyCalendar=false&with%5B%5D=address.nearest_slot_after_end&with%5B%5D=links.book.patient&with%5B%5D=slot.doctor_id&with%5B%5D=slot.address_id&with%5B%5D=slot.address&with%5B%5D=slot.with_booked
Fetching: https://www.znanylekarz.pl/api/v3/doctors/262029/addresses/946215/slots?start=2024-12-29T00%3A00%3A00%2B01%3A00&end=2025-01-12T00%3A00%3A00%2B01%3A00&includingSaasOnlyCalendar=false&with%5B%5D=address.nearest_slot_after_end&with%5B%5D=links.book.patient&with%5B%5D=slot.doctor_id&with%5B%5D=slot.address_id&with%5B%5D=slot.address&with%5B%5D=slot.with_booked
Fetching: https://www.znanylekarz.pl/api/v3/doctors/348936/addresses/1031602/slots?start=2024-12-29T00%3A00%3A00%2B01%3A00&end=2025-01-12T00%3A00%3A00%2B01%3A00&includingSaasOnlyCalendar=false&with%5B%5D=address.nearest_slot_after_end&with%5B%5D=links.book.patient&with%5B%5D=slot.doctor_id&with%5B%5D=slot.address_id&with%5B%5D=slot.address&with%5B%5D=slot.with_booked
Fetching: https://www.znanylekarz.pl/api/v3/doctors/333060/addresses/950114/slots?start=2024-12-29T00%3A00%3A00%2B01%3A00&end=2025-01-12T00%3A00%3A00%2B01%3A00&includingSaasOnlyCalendar=false&with%5B%5D=address.nearest_slot_after_end&with%5B%5D=links.book.patient&with%5B%5D=slot.doctor_id&with%5B%5D=slot.address_id&with%5B%5D=slot.address&with%5B%5D=slot.with_booked
Fetching: https://www.znanylekarz.pl/api/v3/doctors/331654/addresses/879864/slots?start=2024-12-29T00%3A00%3A00%2B01%3A00&end=2025-01-12T00%3A00%3A00%2B01%3A00&includingSaasOnlyCalendar=false&with%5B%5D=address.nearest_slot_after_end&with%5B%5D=links.book.patient&with%5B%5D=slot.doctor_id&with%5B%5D=slot.address_id&with%5B%5D=slot.address&with%5B%5D=slot.with_booked
Fetching: https://www.znanylekarz.pl/api/v3/doctors/374835/addresses/1027611/slots?start=2024-12-29T00%3A00%3A00%2B01%3A00&end=2025-01-12T00%3A00%3A00%2B01%3A00&includingSaasOnlyCalendar=false&with%5B%5D=address.nearest_slot_after_end&with%5B%5D=links.book.patient&with%5B%5D=slot.doctor_id&with%5B%5D=slot.address_id&with%5B%5D=slot.address&with%5B%5D=slot.with_booked
Fetching: https://www.znanylekarz.pl/api/v3/doctors/302078/addresses/902740/slots?start=2024-12-29T00%3A00%3A00%2B01%3A00&end=2025-01-12T00%3A00%3A00%2B01%3A00&includingSaasOnlyCalendar=false&with%5B%5D=address.nearest_slot_after_end&with%5B%5D=links.book.patient&with%5B%5D=slot.doctor_id&with%5B%5D=slot.address_id&with%5B%5D=slot.address&with%5B%5D=slot.with_booked
Writing results to /home/rkrawczyszyn/demos/response.json...
Done! Results saved to response.json.
[main 10f58cc] updated at 2024-12-29 23:00:08
 2 files changed, 356 insertions(+), 1 deletion(-)
To https://github.com/rkrawczyszyn/demos.git
   e430e84..10f58cc  main -> main
Changes pushed with commit message: 'updated at 2024-12-29 23:00:08'
Fetching doctor slots...
Fetching: https://www.znanylekarz.pl/api/v3/doctors/350711/addresses/1074094/slots?start=2024-12-29T00%3A00%3A00%2B01%3A00&end=2025-01-12T00%3A00%3A00%2B01%3A00&includingSaasOnlyCalendar=false&with%5B%5D=address.nearest_slot_after_end&with%5B%5D=links.book.patient&with%5B%5D=slot.doctor_id&with%5B%5D=slot.address_id&with%5B%5D=slot.address&with%5B%5D=slot.with_booked
Fetching: https://www.znanylekarz.pl/api/v3/doctors/359103/addresses/982493/slots?start=2024-12-29T00%3A00%3A00%2B01%3A00&end=2025-01-12T00%3A00%3A00%2B01%3A00&includingSaasOnlyCalendar=false&with%5B%5D=address.nearest_slot_after_end&with%5B%5D=links.book.patient&with%5B%5D=slot.doctor_id&with%5B%5D=slot.address_id&with%5B%5D=slot.address&with%5B%5D=slot.with_booked
Fetching: https://www.znanylekarz.pl/api/v3/doctors/263877/addresses/995702/slots?start=2024-12-29T00%3A00%3A00%2B01%3A00&end=2025-01-12T00%3A00%3A00%2B01%3A00&includingSaasOnlyCalendar=false&with%5B%5D=address.nearest_slot_after_end&with%5B%5D=links.book.patient&with%5B%5D=slot.doctor_id&with%5B%5D=slot.address_id&with%5B%5D=slot.address&with%5B%5D=slot.with_booked
Fetching: https://www.znanylekarz.pl/api/v3/doctors/350774/addresses/966936/slots?start=2024-12-29T00%3A00%3A00%2B01%3A00&end=2025-01-12T00%3A00%3A00%2B01%3A00&includingSaasOnlyCalendar=false&with%5B%5D=address.nearest_slot_after_end&with%5B%5D=links.book.patient&with%5B%5D=slot.doctor_id&with%5B%5D=slot.address_id&with%5B%5D=slot.address&with%5B%5D=slot.with_booked
Fetching: https://www.znanylekarz.pl/api/v3/doctors/379624/addresses/1042766/slots?start=2024-12-29T00%3A00%3A00%2B01%3A00&end=2025-01-12T00%3A00%3A00%2B01%3A00&includingSaasOnlyCalendar=false&with%5B%5D=address.nearest_slot_after_end&with%5B%5D=links.book.patient&with%5B%5D=slot.doctor_id&with%5B%5D=slot.address_id&with%5B%5D=slot.address&with%5B%5D=slot.with_booked
Fetching: https://www.znanylekarz.pl/api/v3/doctors/262029/addresses/946215/slots?start=2024-12-29T00%3A00%3A00%2B01%3A00&end=2025-01-12T00%3A00%3A00%2B01%3A00&includingSaasOnlyCalendar=false&with%5B%5D=address.nearest_slot_after_end&with%5B%5D=links.book.patient&with%5B%5D=slot.doctor_id&with%5B%5D=slot.address_id&with%5B%5D=slot.address&with%5B%5D=slot.with_booked
Fetching: https://www.znanylekarz.pl/api/v3/doctors/348936/addresses/1031602/slots?start=2024-12-29T00%3A00%3A00%2B01%3A00&end=2025-01-12T00%3A00%3A00%2B01%3A00&includingSaasOnlyCalendar=false&with%5B%5D=address.nearest_slot_after_end&with%5B%5D=links.book.patient&with%5B%5D=slot.doctor_id&with%5B%5D=slot.address_id&with%5B%5D=slot.address&with%5B%5D=slot.with_booked
Fetching: https://www.znanylekarz.pl/api/v3/doctors/333060/addresses/950114/slots?start=2024-12-29T00%3A00%3A00%2B01%3A00&end=2025-01-12T00%3A00%3A00%2B01%3A00&includingSaasOnlyCalendar=false&with%5B%5D=address.nearest_slot_after_end&with%5B%5D=links.book.patient&with%5B%5D=slot.doctor_id&with%5B%5D=slot.address_id&with%5B%5D=slot.address&with%5B%5D=slot.with_booked
Fetching: https://www.znanylekarz.pl/api/v3/doctors/331654/addresses/879864/slots?start=2024-12-29T00%3A00%3A00%2B01%3A00&end=2025-01-12T00%3A00%3A00%2B01%3A00&includingSaasOnlyCalendar=false&with%5B%5D=address.nearest_slot_after_end&with%5B%5D=links.book.patient&with%5B%5D=slot.doctor_id&with%5B%5D=slot.address_id&with%5B%5D=slot.address&with%5B%5D=slot.with_booked
Fetching: https://www.znanylekarz.pl/api/v3/doctors/374835/addresses/1027611/slots?start=2024-12-29T00%3A00%3A00%2B01%3A00&end=2025-01-12T00%3A00%3A00%2B01%3A00&includingSaasOnlyCalendar=false&with%5B%5D=address.nearest_slot_after_end&with%5B%5D=links.book.patient&with%5B%5D=slot.doctor_id&with%5B%5D=slot.address_id&with%5B%5D=slot.address&with%5B%5D=slot.with_booked
Fetching: https://www.znanylekarz.pl/api/v3/doctors/302078/addresses/902740/slots?start=2024-12-29T00%3A00%3A00%2B01%3A00&end=2025-01-12T00%3A00%3A00%2B01%3A00&includingSaasOnlyCalendar=false&with%5B%5D=address.nearest_slot_after_end&with%5B%5D=links.book.patient&with%5B%5D=slot.doctor_id&with%5B%5D=slot.address_id&with%5B%5D=slot.address&with%5B%5D=slot.with_booked
Writing results to /home/rkrawczyszyn/demos/response.json...
Done! Results saved to response.json.
[main a590d8f] updated at 2024-12-30 00:00:06
 2 files changed, 22 insertions(+), 3 deletions(-)
To https://github.com/rkrawczyszyn/demos.git
   10f58cc..a590d8f  main -> main
Changes pushed with commit message: 'updated at 2024-12-30 00:00:06'
Fetching doctor slots...
Fetching: https://www.znanylekarz.pl/api/v3/doctors/350711/addresses/1074094/slots?start=2024-12-29T00%3A00%3A00%2B01%3A00&end=2025-01-12T00%3A00%3A00%2B01%3A00&includingSaasOnlyCalendar=false&with%5B%5D=address.nearest_slot_after_end&with%5B%5D=links.book.patient&with%5B%5D=slot.doctor_id&with%5B%5D=slot.address_id&with%5B%5D=slot.address&with%5B%5D=slot.with_booked
Fetching: https://www.znanylekarz.pl/api/v3/doctors/359103/addresses/982493/slots?start=2024-12-29T00%3A00%3A00%2B01%3A00&end=2025-01-12T00%3A00%3A00%2B01%3A00&includingSaasOnlyCalendar=false&with%5B%5D=address.nearest_slot_after_end&with%5B%5D=links.book.patient&with%5B%5D=slot.doctor_id&with%5B%5D=slot.address_id&with%5B%5D=slot.address&with%5B%5D=slot.with_booked
Fetching: https://www.znanylekarz.pl/api/v3/doctors/263877/addresses/995702/slots?start=2024-12-29T00%3A00%3A00%2B01%3A00&end=2025-01-12T00%3A00%3A00%2B01%3A00&includingSaasOnlyCalendar=false&with%5B%5D=address.nearest_slot_after_end&with%5B%5D=links.book.patient&with%5B%5D=slot.doctor_id&with%5B%5D=slot.address_id&with%5B%5D=slot.address&with%5B%5D=slot.with_booked
Fetching: https://www.znanylekarz.pl/api/v3/doctors/350774/addresses/966936/slots?start=2024-12-29T00%3A00%3A00%2B01%3A00&end=2025-01-12T00%3A00%3A00%2B01%3A00&includingSaasOnlyCalendar=false&with%5B%5D=address.nearest_slot_after_end&with%5B%5D=links.book.patient&with%5B%5D=slot.doctor_id&with%5B%5D=slot.address_id&with%5B%5D=slot.address&with%5B%5D=slot.with_booked
Fetching: https://www.znanylekarz.pl/api/v3/doctors/379624/addresses/1042766/slots?start=2024-12-29T00%3A00%3A00%2B01%3A00&end=2025-01-12T00%3A00%3A00%2B01%3A00&includingSaasOnlyCalendar=false&with%5B%5D=address.nearest_slot_after_end&with%5B%5D=links.book.patient&with%5B%5D=slot.doctor_id&with%5B%5D=slot.address_id&with%5B%5D=slot.address&with%5B%5D=slot.with_booked
Fetching: https://www.znanylekarz.pl/api/v3/doctors/262029/addresses/946215/slots?start=2024-12-29T00%3A00%3A00%2B01%3A00&end=2025-01-12T00%3A00%3A00%2B01%3A00&includingSaasOnlyCalendar=false&with%5B%5D=address.nearest_slot_after_end&with%5B%5D=links.book.patient&with%5B%5D=slot.doctor_id&with%5B%5D=slot.address_id&with%5B%5D=slot.address&with%5B%5D=slot.with_booked
Fetching: https://www.znanylekarz.pl/api/v3/doctors/348936/addresses/1031602/slots?start=2024-12-29T00%3A00%3A00%2B01%3A00&end=2025-01-12T00%3A00%3A00%2B01%3A00&includingSaasOnlyCalendar=false&with%5B%5D=address.nearest_slot_after_end&with%5B%5D=links.book.patient&with%5B%5D=slot.doctor_id&with%5B%5D=slot.address_id&with%5B%5D=slot.address&with%5B%5D=slot.with_booked
Fetching: https://www.znanylekarz.pl/api/v3/doctors/333060/addresses/950114/slots?start=2024-12-29T00%3A00%3A00%2B01%3A00&end=2025-01-12T00%3A00%3A00%2B01%3A00&includingSaasOnlyCalendar=false&with%5B%5D=address.nearest_slot_after_end&with%5B%5D=links.book.patient&with%5B%5D=slot.doctor_id&with%5B%5D=slot.address_id&with%5B%5D=slot.address&with%5B%5D=slot.with_booked
Fetching: https://www.znanylekarz.pl/api/v3/doctors/331654/addresses/879864/slots?start=2024-12-29T00%3A00%3A00%2B01%3A00&end=2025-01-12T00%3A00%3A00%2B01%3A00&includingSaasOnlyCalendar=false&with%5B%5D=address.nearest_slot_after_end&with%5B%5D=links.book.patient&with%5B%5D=slot.doctor_id&with%5B%5D=slot.address_id&with%5B%5D=slot.address&with%5B%5D=slot.with_booked
Fetching: https://www.znanylekarz.pl/api/v3/doctors/374835/addresses/1027611/slots?start=2024-12-29T00%3A00%3A00%2B01%3A00&end=2025-01-12T00%3A00%3A00%2B01%3A00&includingSaasOnlyCalendar=false&with%5B%5D=address.nearest_slot_after_end&with%5B%5D=links.book.patient&with%5B%5D=slot.doctor_id&with%5B%5D=slot.address_id&with%5B%5D=slot.address&with%5B%5D=slot.with_booked
Fetching: https://www.znanylekarz.pl/api/v3/doctors/302078/addresses/902740/slots?start=2024-12-29T00%3A00%3A00%2B01%3A00&end=2025-01-12T00%3A00%3A00%2B01%3A00&includingSaasOnlyCalendar=false&with%5B%5D=address.nearest_slot_after_end&with%5B%5D=links.book.patient&with%5B%5D=slot.doctor_id&with%5B%5D=slot.address_id&with%5B%5D=slot.address&with%5B%5D=slot.with_booked
Writing results to /home/rkrawczyszyn/demos/response.json...
Done! Results saved to response.json.
[main 199886f] updated at 2024-12-30 01:00:08
 2 files changed, 20 insertions(+), 1 deletion(-)
To https://github.com/rkrawczyszyn/demos.git
   a590d8f..199886f  main -> main
Changes pushed with commit message: 'updated at 2024-12-30 01:00:08'
Fetching doctor slots...
Fetching: https://www.znanylekarz.pl/api/v3/doctors/350711/addresses/1074094/slots?start=2024-12-29T00%3A00%3A00%2B01%3A00&end=2025-01-12T00%3A00%3A00%2B01%3A00&includingSaasOnlyCalendar=false&with%5B%5D=address.nearest_slot_after_end&with%5B%5D=links.book.patient&with%5B%5D=slot.doctor_id&with%5B%5D=slot.address_id&with%5B%5D=slot.address&with%5B%5D=slot.with_booked
Fetching: https://www.znanylekarz.pl/api/v3/doctors/359103/addresses/982493/slots?start=2024-12-29T00%3A00%3A00%2B01%3A00&end=2025-01-12T00%3A00%3A00%2B01%3A00&includingSaasOnlyCalendar=false&with%5B%5D=address.nearest_slot_after_end&with%5B%5D=links.book.patient&with%5B%5D=slot.doctor_id&with%5B%5D=slot.address_id&with%5B%5D=slot.address&with%5B%5D=slot.with_booked
Fetching: https://www.znanylekarz.pl/api/v3/doctors/263877/addresses/995702/slots?start=2024-12-29T00%3A00%3A00%2B01%3A00&end=2025-01-12T00%3A00%3A00%2B01%3A00&includingSaasOnlyCalendar=false&with%5B%5D=address.nearest_slot_after_end&with%5B%5D=links.book.patient&with%5B%5D=slot.doctor_id&with%5B%5D=slot.address_id&with%5B%5D=slot.address&with%5B%5D=slot.with_booked
Fetching: https://www.znanylekarz.pl/api/v3/doctors/350774/addresses/966936/slots?start=2024-12-29T00%3A00%3A00%2B01%3A00&end=2025-01-12T00%3A00%3A00%2B01%3A00&includingSaasOnlyCalendar=false&with%5B%5D=address.nearest_slot_after_end&with%5B%5D=links.book.patient&with%5B%5D=slot.doctor_id&with%5B%5D=slot.address_id&with%5B%5D=slot.address&with%5B%5D=slot.with_booked
Fetching: https://www.znanylekarz.pl/api/v3/doctors/379624/addresses/1042766/slots?start=2024-12-29T00%3A00%3A00%2B01%3A00&end=2025-01-12T00%3A00%3A00%2B01%3A00&includingSaasOnlyCalendar=false&with%5B%5D=address.nearest_slot_after_end&with%5B%5D=links.book.patient&with%5B%5D=slot.doctor_id&with%5B%5D=slot.address_id&with%5B%5D=slot.address&with%5B%5D=slot.with_booked
Fetching: https://www.znanylekarz.pl/api/v3/doctors/262029/addresses/946215/slots?start=2024-12-29T00%3A00%3A00%2B01%3A00&end=2025-01-12T00%3A00%3A00%2B01%3A00&includingSaasOnlyCalendar=false&with%5B%5D=address.nearest_slot_after_end&with%5B%5D=links.book.patient&with%5B%5D=slot.doctor_id&with%5B%5D=slot.address_id&with%5B%5D=slot.address&with%5B%5D=slot.with_booked
Fetching: https://www.znanylekarz.pl/api/v3/doctors/348936/addresses/1031602/slots?start=2024-12-29T00%3A00%3A00%2B01%3A00&end=2025-01-12T00%3A00%3A00%2B01%3A00&includingSaasOnlyCalendar=false&with%5B%5D=address.nearest_slot_after_end&with%5B%5D=links.book.patient&with%5B%5D=slot.doctor_id&with%5B%5D=slot.address_id&with%5B%5D=slot.address&with%5B%5D=slot.with_booked
Fetching: https://www.znanylekarz.pl/api/v3/doctors/333060/addresses/950114/slots?start=2024-12-29T00%3A00%3A00%2B01%3A00&end=2025-01-12T00%3A00%3A00%2B01%3A00&includingSaasOnlyCalendar=false&with%5B%5D=address.nearest_slot_after_end&with%5B%5D=links.book.patient&with%5B%5D=slot.doctor_id&with%5B%5D=slot.address_id&with%5B%5D=slot.address&with%5B%5D=slot.with_booked
Fetching: https://www.znanylekarz.pl/api/v3/doctors/331654/addresses/879864/slots?start=2024-12-29T00%3A00%3A00%2B01%3A00&end=2025-01-12T00%3A00%3A00%2B01%3A00&includingSaasOnlyCalendar=false&with%5B%5D=address.nearest_slot_after_end&with%5B%5D=links.book.patient&with%5B%5D=slot.doctor_id&with%5B%5D=slot.address_id&with%5B%5D=slot.address&with%5B%5D=slot.with_booked
Fetching: https://www.znanylekarz.pl/api/v3/doctors/374835/addresses/1027611/slots?start=2024-12-29T00%3A00%3A00%2B01%3A00&end=2025-01-12T00%3A00%3A00%2B01%3A00&includingSaasOnlyCalendar=false&with%5B%5D=address.nearest_slot_after_end&with%5B%5D=links.book.patient&with%5B%5D=slot.doctor_id&with%5B%5D=slot.address_id&with%5B%5D=slot.address&with%5B%5D=slot.with_booked
Fetching: https://www.znanylekarz.pl/api/v3/doctors/302078/addresses/902740/slots?start=2024-12-29T00%3A00%3A00%2B01%3A00&end=2025-01-12T00%3A00%3A00%2B01%3A00&includingSaasOnlyCalendar=false&with%5B%5D=address.nearest_slot_after_end&with%5B%5D=links.book.patient&with%5B%5D=slot.doctor_id&with%5B%5D=slot.address_id&with%5B%5D=slot.address&with%5B%5D=slot.with_booked
Writing results to /home/rkrawczyszyn/demos/response.json...
Done! Results saved to response.json.
[main d40c4f4] updated at 2024-12-30 02:00:09
 2 files changed, 20 insertions(+), 1 deletion(-)
To https://github.com/rkrawczyszyn/demos.git
   199886f..d40c4f4  main -> main
Changes pushed with commit message: 'updated at 2024-12-30 02:00:09'
Fetching doctor slots...
Fetching: https://www.znanylekarz.pl/api/v3/doctors/350711/addresses/1074094/slots?start=2024-12-29T00%3A00%3A00%2B01%3A00&end=2025-01-12T00%3A00%3A00%2B01%3A00&includingSaasOnlyCalendar=false&with%5B%5D=address.nearest_slot_after_end&with%5B%5D=links.book.patient&with%5B%5D=slot.doctor_id&with%5B%5D=slot.address_id&with%5B%5D=slot.address&with%5B%5D=slot.with_booked
Fetching: https://www.znanylekarz.pl/api/v3/doctors/359103/addresses/982493/slots?start=2024-12-29T00%3A00%3A00%2B01%3A00&end=2025-01-12T00%3A00%3A00%2B01%3A00&includingSaasOnlyCalendar=false&with%5B%5D=address.nearest_slot_after_end&with%5B%5D=links.book.patient&with%5B%5D=slot.doctor_id&with%5B%5D=slot.address_id&with%5B%5D=slot.address&with%5B%5D=slot.with_booked
Fetching: https://www.znanylekarz.pl/api/v3/doctors/263877/addresses/995702/slots?start=2024-12-29T00%3A00%3A00%2B01%3A00&end=2025-01-12T00%3A00%3A00%2B01%3A00&includingSaasOnlyCalendar=false&with%5B%5D=address.nearest_slot_after_end&with%5B%5D=links.book.patient&with%5B%5D=slot.doctor_id&with%5B%5D=slot.address_id&with%5B%5D=slot.address&with%5B%5D=slot.with_booked
Fetching: https://www.znanylekarz.pl/api/v3/doctors/350774/addresses/966936/slots?start=2024-12-29T00%3A00%3A00%2B01%3A00&end=2025-01-12T00%3A00%3A00%2B01%3A00&includingSaasOnlyCalendar=false&with%5B%5D=address.nearest_slot_after_end&with%5B%5D=links.book.patient&with%5B%5D=slot.doctor_id&with%5B%5D=slot.address_id&with%5B%5D=slot.address&with%5B%5D=slot.with_booked
Fetching: https://www.znanylekarz.pl/api/v3/doctors/379624/addresses/1042766/slots?start=2024-12-29T00%3A00%3A00%2B01%3A00&end=2025-01-12T00%3A00%3A00%2B01%3A00&includingSaasOnlyCalendar=false&with%5B%5D=address.nearest_slot_after_end&with%5B%5D=links.book.patient&with%5B%5D=slot.doctor_id&with%5B%5D=slot.address_id&with%5B%5D=slot.address&with%5B%5D=slot.with_booked
Fetching: https://www.znanylekarz.pl/api/v3/doctors/262029/addresses/946215/slots?start=2024-12-29T00%3A00%3A00%2B01%3A00&end=2025-01-12T00%3A00%3A00%2B01%3A00&includingSaasOnlyCalendar=false&with%5B%5D=address.nearest_slot_after_end&with%5B%5D=links.book.patient&with%5B%5D=slot.doctor_id&with%5B%5D=slot.address_id&with%5B%5D=slot.address&with%5B%5D=slot.with_booked
Fetching: https://www.znanylekarz.pl/api/v3/doctors/348936/addresses/1031602/slots?start=2024-12-29T00%3A00%3A00%2B01%3A00&end=2025-01-12T00%3A00%3A00%2B01%3A00&includingSaasOnlyCalendar=false&with%5B%5D=address.nearest_slot_after_end&with%5B%5D=links.book.patient&with%5B%5D=slot.doctor_id&with%5B%5D=slot.address_id&with%5B%5D=slot.address&with%5B%5D=slot.with_booked
Fetching: https://www.znanylekarz.pl/api/v3/doctors/333060/addresses/950114/slots?start=2024-12-29T00%3A00%3A00%2B01%3A00&end=2025-01-12T00%3A00%3A00%2B01%3A00&includingSaasOnlyCalendar=false&with%5B%5D=address.nearest_slot_after_end&with%5B%5D=links.book.patient&with%5B%5D=slot.doctor_id&with%5B%5D=slot.address_id&with%5B%5D=slot.address&with%5B%5D=slot.with_booked
Fetching: https://www.znanylekarz.pl/api/v3/doctors/331654/addresses/879864/slots?start=2024-12-29T00%3A00%3A00%2B01%3A00&end=2025-01-12T00%3A00%3A00%2B01%3A00&includingSaasOnlyCalendar=false&with%5B%5D=address.nearest_slot_after_end&with%5B%5D=links.book.patient&with%5B%5D=slot.doctor_id&with%5B%5D=slot.address_id&with%5B%5D=slot.address&with%5B%5D=slot.with_booked
Fetching: https://www.znanylekarz.pl/api/v3/doctors/374835/addresses/1027611/slots?start=2024-12-29T00%3A00%3A00%2B01%3A00&end=2025-01-12T00%3A00%3A00%2B01%3A00&includingSaasOnlyCalendar=false&with%5B%5D=address.nearest_slot_after_end&with%5B%5D=links.book.patient&with%5B%5D=slot.doctor_id&with%5B%5D=slot.address_id&with%5B%5D=slot.address&with%5B%5D=slot.with_booked
Fetching: https://www.znanylekarz.pl/api/v3/doctors/302078/addresses/902740/slots?start=2024-12-29T00%3A00%3A00%2B01%3A00&end=2025-01-12T00%3A00%3A00%2B01%3A00&includingSaasOnlyCalendar=false&with%5B%5D=address.nearest_slot_after_end&with%5B%5D=links.book.patient&with%5B%5D=slot.doctor_id&with%5B%5D=slot.address_id&with%5B%5D=slot.address&with%5B%5D=slot.with_booked
Writing results to /home/rkrawczyszyn/demos/response.json...
Done! Results saved to response.json.
[main c5ad3ee] updated at 2024-12-30 03:00:12
 2 files changed, 20 insertions(+), 1 deletion(-)
To https://github.com/rkrawczyszyn/demos.git
   d40c4f4..c5ad3ee  main -> main
Changes pushed with commit message: 'updated at 2024-12-30 03:00:12'
Fetching doctor slots...
Fetching: https://www.znanylekarz.pl/api/v3/doctors/350711/addresses/1074094/slots?start=2024-12-29T00%3A00%3A00%2B01%3A00&end=2025-01-12T00%3A00%3A00%2B01%3A00&includingSaasOnlyCalendar=false&with%5B%5D=address.nearest_slot_after_end&with%5B%5D=links.book.patient&with%5B%5D=slot.doctor_id&with%5B%5D=slot.address_id&with%5B%5D=slot.address&with%5B%5D=slot.with_booked
Fetching: https://www.znanylekarz.pl/api/v3/doctors/359103/addresses/982493/slots?start=2024-12-29T00%3A00%3A00%2B01%3A00&end=2025-01-12T00%3A00%3A00%2B01%3A00&includingSaasOnlyCalendar=false&with%5B%5D=address.nearest_slot_after_end&with%5B%5D=links.book.patient&with%5B%5D=slot.doctor_id&with%5B%5D=slot.address_id&with%5B%5D=slot.address&with%5B%5D=slot.with_booked
Fetching: https://www.znanylekarz.pl/api/v3/doctors/263877/addresses/995702/slots?start=2024-12-29T00%3A00%3A00%2B01%3A00&end=2025-01-12T00%3A00%3A00%2B01%3A00&includingSaasOnlyCalendar=false&with%5B%5D=address.nearest_slot_after_end&with%5B%5D=links.book.patient&with%5B%5D=slot.doctor_id&with%5B%5D=slot.address_id&with%5B%5D=slot.address&with%5B%5D=slot.with_booked
Fetching: https://www.znanylekarz.pl/api/v3/doctors/350774/addresses/966936/slots?start=2024-12-29T00%3A00%3A00%2B01%3A00&end=2025-01-12T00%3A00%3A00%2B01%3A00&includingSaasOnlyCalendar=false&with%5B%5D=address.nearest_slot_after_end&with%5B%5D=links.book.patient&with%5B%5D=slot.doctor_id&with%5B%5D=slot.address_id&with%5B%5D=slot.address&with%5B%5D=slot.with_booked
Fetching: https://www.znanylekarz.pl/api/v3/doctors/379624/addresses/1042766/slots?start=2024-12-29T00%3A00%3A00%2B01%3A00&end=2025-01-12T00%3A00%3A00%2B01%3A00&includingSaasOnlyCalendar=false&with%5B%5D=address.nearest_slot_after_end&with%5B%5D=links.book.patient&with%5B%5D=slot.doctor_id&with%5B%5D=slot.address_id&with%5B%5D=slot.address&with%5B%5D=slot.with_booked
Fetching: https://www.znanylekarz.pl/api/v3/doctors/262029/addresses/946215/slots?start=2024-12-29T00%3A00%3A00%2B01%3A00&end=2025-01-12T00%3A00%3A00%2B01%3A00&includingSaasOnlyCalendar=false&with%5B%5D=address.nearest_slot_after_end&with%5B%5D=links.book.patient&with%5B%5D=slot.doctor_id&with%5B%5D=slot.address_id&with%5B%5D=slot.address&with%5B%5D=slot.with_booked
Fetching: https://www.znanylekarz.pl/api/v3/doctors/348936/addresses/1031602/slots?start=2024-12-29T00%3A00%3A00%2B01%3A00&end=2025-01-12T00%3A00%3A00%2B01%3A00&includingSaasOnlyCalendar=false&with%5B%5D=address.nearest_slot_after_end&with%5B%5D=links.book.patient&with%5B%5D=slot.doctor_id&with%5B%5D=slot.address_id&with%5B%5D=slot.address&with%5B%5D=slot.with_booked
Fetching: https://www.znanylekarz.pl/api/v3/doctors/333060/addresses/950114/slots?start=2024-12-29T00%3A00%3A00%2B01%3A00&end=2025-01-12T00%3A00%3A00%2B01%3A00&includingSaasOnlyCalendar=false&with%5B%5D=address.nearest_slot_after_end&with%5B%5D=links.book.patient&with%5B%5D=slot.doctor_id&with%5B%5D=slot.address_id&with%5B%5D=slot.address&with%5B%5D=slot.with_booked
Fetching: https://www.znanylekarz.pl/api/v3/doctors/331654/addresses/879864/slots?start=2024-12-29T00%3A00%3A00%2B01%3A00&end=2025-01-12T00%3A00%3A00%2B01%3A00&includingSaasOnlyCalendar=false&with%5B%5D=address.nearest_slot_after_end&with%5B%5D=links.book.patient&with%5B%5D=slot.doctor_id&with%5B%5D=slot.address_id&with%5B%5D=slot.address&with%5B%5D=slot.with_booked
Fetching: https://www.znanylekarz.pl/api/v3/doctors/374835/addresses/1027611/slots?start=2024-12-29T00%3A00%3A00%2B01%3A00&end=2025-01-12T00%3A00%3A00%2B01%3A00&includingSaasOnlyCalendar=false&with%5B%5D=address.nearest_slot_after_end&with%5B%5D=links.book.patient&with%5B%5D=slot.doctor_id&with%5B%5D=slot.address_id&with%5B%5D=slot.address&with%5B%5D=slot.with_booked
Fetching: https://www.znanylekarz.pl/api/v3/doctors/302078/addresses/902740/slots?start=2024-12-29T00%3A00%3A00%2B01%3A00&end=2025-01-12T00%3A00%3A00%2B01%3A00&includingSaasOnlyCalendar=false&with%5B%5D=address.nearest_slot_after_end&with%5B%5D=links.book.patient&with%5B%5D=slot.doctor_id&with%5B%5D=slot.address_id&with%5B%5D=slot.address&with%5B%5D=slot.with_booked
Writing results to /home/rkrawczyszyn/demos/response.json...
Done! Results saved to response.json.
[main d591a9e] updated at 2024-12-30 04:00:12
 2 files changed, 20 insertions(+), 1 deletion(-)
To https://github.com/rkrawczyszyn/demos.git
   c5ad3ee..d591a9e  main -> main
Changes pushed with commit message: 'updated at 2024-12-30 04:00:12'
Fetching doctor slots...
Fetching: https://www.znanylekarz.pl/api/v3/doctors/350711/addresses/1074094/slots?start=2024-12-29T00%3A00%3A00%2B01%3A00&end=2025-01-12T00%3A00%3A00%2B01%3A00&includingSaasOnlyCalendar=false&with%5B%5D=address.nearest_slot_after_end&with%5B%5D=links.book.patient&with%5B%5D=slot.doctor_id&with%5B%5D=slot.address_id&with%5B%5D=slot.address&with%5B%5D=slot.with_booked
Fetching: https://www.znanylekarz.pl/api/v3/doctors/359103/addresses/982493/slots?start=2024-12-29T00%3A00%3A00%2B01%3A00&end=2025-01-12T00%3A00%3A00%2B01%3A00&includingSaasOnlyCalendar=false&with%5B%5D=address.nearest_slot_after_end&with%5B%5D=links.book.patient&with%5B%5D=slot.doctor_id&with%5B%5D=slot.address_id&with%5B%5D=slot.address&with%5B%5D=slot.with_booked
Fetching: https://www.znanylekarz.pl/api/v3/doctors/263877/addresses/995702/slots?start=2024-12-29T00%3A00%3A00%2B01%3A00&end=2025-01-12T00%3A00%3A00%2B01%3A00&includingSaasOnlyCalendar=false&with%5B%5D=address.nearest_slot_after_end&with%5B%5D=links.book.patient&with%5B%5D=slot.doctor_id&with%5B%5D=slot.address_id&with%5B%5D=slot.address&with%5B%5D=slot.with_booked
Fetching: https://www.znanylekarz.pl/api/v3/doctors/350774/addresses/966936/slots?start=2024-12-29T00%3A00%3A00%2B01%3A00&end=2025-01-12T00%3A00%3A00%2B01%3A00&includingSaasOnlyCalendar=false&with%5B%5D=address.nearest_slot_after_end&with%5B%5D=links.book.patient&with%5B%5D=slot.doctor_id&with%5B%5D=slot.address_id&with%5B%5D=slot.address&with%5B%5D=slot.with_booked
Fetching: https://www.znanylekarz.pl/api/v3/doctors/379624/addresses/1042766/slots?start=2024-12-29T00%3A00%3A00%2B01%3A00&end=2025-01-12T00%3A00%3A00%2B01%3A00&includingSaasOnlyCalendar=false&with%5B%5D=address.nearest_slot_after_end&with%5B%5D=links.book.patient&with%5B%5D=slot.doctor_id&with%5B%5D=slot.address_id&with%5B%5D=slot.address&with%5B%5D=slot.with_booked
Fetching: https://www.znanylekarz.pl/api/v3/doctors/262029/addresses/946215/slots?start=2024-12-29T00%3A00%3A00%2B01%3A00&end=2025-01-12T00%3A00%3A00%2B01%3A00&includingSaasOnlyCalendar=false&with%5B%5D=address.nearest_slot_after_end&with%5B%5D=links.book.patient&with%5B%5D=slot.doctor_id&with%5B%5D=slot.address_id&with%5B%5D=slot.address&with%5B%5D=slot.with_booked
Fetching: https://www.znanylekarz.pl/api/v3/doctors/348936/addresses/1031602/slots?start=2024-12-29T00%3A00%3A00%2B01%3A00&end=2025-01-12T00%3A00%3A00%2B01%3A00&includingSaasOnlyCalendar=false&with%5B%5D=address.nearest_slot_after_end&with%5B%5D=links.book.patient&with%5B%5D=slot.doctor_id&with%5B%5D=slot.address_id&with%5B%5D=slot.address&with%5B%5D=slot.with_booked
Fetching: https://www.znanylekarz.pl/api/v3/doctors/333060/addresses/950114/slots?start=2024-12-29T00%3A00%3A00%2B01%3A00&end=2025-01-12T00%3A00%3A00%2B01%3A00&includingSaasOnlyCalendar=false&with%5B%5D=address.nearest_slot_after_end&with%5B%5D=links.book.patient&with%5B%5D=slot.doctor_id&with%5B%5D=slot.address_id&with%5B%5D=slot.address&with%5B%5D=slot.with_booked
Fetching: https://www.znanylekarz.pl/api/v3/doctors/331654/addresses/879864/slots?start=2024-12-29T00%3A00%3A00%2B01%3A00&end=2025-01-12T00%3A00%3A00%2B01%3A00&includingSaasOnlyCalendar=false&with%5B%5D=address.nearest_slot_after_end&with%5B%5D=links.book.patient&with%5B%5D=slot.doctor_id&with%5B%5D=slot.address_id&with%5B%5D=slot.address&with%5B%5D=slot.with_booked
Fetching: https://www.znanylekarz.pl/api/v3/doctors/374835/addresses/1027611/slots?start=2024-12-29T00%3A00%3A00%2B01%3A00&end=2025-01-12T00%3A00%3A00%2B01%3A00&includingSaasOnlyCalendar=false&with%5B%5D=address.nearest_slot_after_end&with%5B%5D=links.book.patient&with%5B%5D=slot.doctor_id&with%5B%5D=slot.address_id&with%5B%5D=slot.address&with%5B%5D=slot.with_booked
Fetching: https://www.znanylekarz.pl/api/v3/doctors/302078/addresses/902740/slots?start=2024-12-29T00%3A00%3A00%2B01%3A00&end=2025-01-12T00%3A00%3A00%2B01%3A00&includingSaasOnlyCalendar=false&with%5B%5D=address.nearest_slot_after_end&with%5B%5D=links.book.patient&with%5B%5D=slot.doctor_id&with%5B%5D=slot.address_id&with%5B%5D=slot.address&with%5B%5D=slot.with_booked
Writing results to /home/rkrawczyszyn/demos/response.json...
Done! Results saved to response.json.
[main 836c59b] updated at 2024-12-30 05:00:08
 2 files changed, 20 insertions(+), 1 deletion(-)
To https://github.com/rkrawczyszyn/demos.git
   d591a9e..836c59b  main -> main
Changes pushed with commit message: 'updated at 2024-12-30 05:00:08'
Fetching doctor slots...
Fetching: https://www.znanylekarz.pl/api/v3/doctors/350711/addresses/1074094/slots?start=2024-12-29T00%3A00%3A00%2B01%3A00&end=2025-01-12T00%3A00%3A00%2B01%3A00&includingSaasOnlyCalendar=false&with%5B%5D=address.nearest_slot_after_end&with%5B%5D=links.book.patient&with%5B%5D=slot.doctor_id&with%5B%5D=slot.address_id&with%5B%5D=slot.address&with%5B%5D=slot.with_booked
Fetching: https://www.znanylekarz.pl/api/v3/doctors/359103/addresses/982493/slots?start=2024-12-29T00%3A00%3A00%2B01%3A00&end=2025-01-12T00%3A00%3A00%2B01%3A00&includingSaasOnlyCalendar=false&with%5B%5D=address.nearest_slot_after_end&with%5B%5D=links.book.patient&with%5B%5D=slot.doctor_id&with%5B%5D=slot.address_id&with%5B%5D=slot.address&with%5B%5D=slot.with_booked
Fetching: https://www.znanylekarz.pl/api/v3/doctors/263877/addresses/995702/slots?start=2024-12-29T00%3A00%3A00%2B01%3A00&end=2025-01-12T00%3A00%3A00%2B01%3A00&includingSaasOnlyCalendar=false&with%5B%5D=address.nearest_slot_after_end&with%5B%5D=links.book.patient&with%5B%5D=slot.doctor_id&with%5B%5D=slot.address_id&with%5B%5D=slot.address&with%5B%5D=slot.with_booked
Fetching: https://www.znanylekarz.pl/api/v3/doctors/350774/addresses/966936/slots?start=2024-12-29T00%3A00%3A00%2B01%3A00&end=2025-01-12T00%3A00%3A00%2B01%3A00&includingSaasOnlyCalendar=false&with%5B%5D=address.nearest_slot_after_end&with%5B%5D=links.book.patient&with%5B%5D=slot.doctor_id&with%5B%5D=slot.address_id&with%5B%5D=slot.address&with%5B%5D=slot.with_booked
Fetching: https://www.znanylekarz.pl/api/v3/doctors/379624/addresses/1042766/slots?start=2024-12-29T00%3A00%3A00%2B01%3A00&end=2025-01-12T00%3A00%3A00%2B01%3A00&includingSaasOnlyCalendar=false&with%5B%5D=address.nearest_slot_after_end&with%5B%5D=links.book.patient&with%5B%5D=slot.doctor_id&with%5B%5D=slot.address_id&with%5B%5D=slot.address&with%5B%5D=slot.with_booked
Fetching: https://www.znanylekarz.pl/api/v3/doctors/262029/addresses/946215/slots?start=2024-12-29T00%3A00%3A00%2B01%3A00&end=2025-01-12T00%3A00%3A00%2B01%3A00&includingSaasOnlyCalendar=false&with%5B%5D=address.nearest_slot_after_end&with%5B%5D=links.book.patient&with%5B%5D=slot.doctor_id&with%5B%5D=slot.address_id&with%5B%5D=slot.address&with%5B%5D=slot.with_booked
Fetching: https://www.znanylekarz.pl/api/v3/doctors/348936/addresses/1031602/slots?start=2024-12-29T00%3A00%3A00%2B01%3A00&end=2025-01-12T00%3A00%3A00%2B01%3A00&includingSaasOnlyCalendar=false&with%5B%5D=address.nearest_slot_after_end&with%5B%5D=links.book.patient&with%5B%5D=slot.doctor_id&with%5B%5D=slot.address_id&with%5B%5D=slot.address&with%5B%5D=slot.with_booked
Fetching: https://www.znanylekarz.pl/api/v3/doctors/333060/addresses/950114/slots?start=2024-12-29T00%3A00%3A00%2B01%3A00&end=2025-01-12T00%3A00%3A00%2B01%3A00&includingSaasOnlyCalendar=false&with%5B%5D=address.nearest_slot_after_end&with%5B%5D=links.book.patient&with%5B%5D=slot.doctor_id&with%5B%5D=slot.address_id&with%5B%5D=slot.address&with%5B%5D=slot.with_booked
Fetching: https://www.znanylekarz.pl/api/v3/doctors/331654/addresses/879864/slots?start=2024-12-29T00%3A00%3A00%2B01%3A00&end=2025-01-12T00%3A00%3A00%2B01%3A00&includingSaasOnlyCalendar=false&with%5B%5D=address.nearest_slot_after_end&with%5B%5D=links.book.patient&with%5B%5D=slot.doctor_id&with%5B%5D=slot.address_id&with%5B%5D=slot.address&with%5B%5D=slot.with_booked
Fetching: https://www.znanylekarz.pl/api/v3/doctors/374835/addresses/1027611/slots?start=2024-12-29T00%3A00%3A00%2B01%3A00&end=2025-01-12T00%3A00%3A00%2B01%3A00&includingSaasOnlyCalendar=false&with%5B%5D=address.nearest_slot_after_end&with%5B%5D=links.book.patient&with%5B%5D=slot.doctor_id&with%5B%5D=slot.address_id&with%5B%5D=slot.address&with%5B%5D=slot.with_booked
Fetching: https://www.znanylekarz.pl/api/v3/doctors/302078/addresses/902740/slots?start=2024-12-29T00%3A00%3A00%2B01%3A00&end=2025-01-12T00%3A00%3A00%2B01%3A00&includingSaasOnlyCalendar=false&with%5B%5D=address.nearest_slot_after_end&with%5B%5D=links.book.patient&with%5B%5D=slot.doctor_id&with%5B%5D=slot.address_id&with%5B%5D=slot.address&with%5B%5D=slot.with_booked
Writing results to /home/rkrawczyszyn/demos/response.json...
Done! Results saved to response.json.
[main b145075] updated at 2024-12-30 06:00:08
 2 files changed, 20 insertions(+), 1 deletion(-)
To https://github.com/rkrawczyszyn/demos.git
   836c59b..b145075  main -> main
Changes pushed with commit message: 'updated at 2024-12-30 06:00:08'
Fetching doctor slots...
Fetching: https://www.znanylekarz.pl/api/v3/doctors/350711/addresses/1074094/slots?start=2024-12-29T00%3A00%3A00%2B01%3A00&end=2025-01-12T00%3A00%3A00%2B01%3A00&includingSaasOnlyCalendar=false&with%5B%5D=address.nearest_slot_after_end&with%5B%5D=links.book.patient&with%5B%5D=slot.doctor_id&with%5B%5D=slot.address_id&with%5B%5D=slot.address&with%5B%5D=slot.with_booked
Fetching: https://www.znanylekarz.pl/api/v3/doctors/359103/addresses/982493/slots?start=2024-12-29T00%3A00%3A00%2B01%3A00&end=2025-01-12T00%3A00%3A00%2B01%3A00&includingSaasOnlyCalendar=false&with%5B%5D=address.nearest_slot_after_end&with%5B%5D=links.book.patient&with%5B%5D=slot.doctor_id&with%5B%5D=slot.address_id&with%5B%5D=slot.address&with%5B%5D=slot.with_booked
Fetching: https://www.znanylekarz.pl/api/v3/doctors/263877/addresses/995702/slots?start=2024-12-29T00%3A00%3A00%2B01%3A00&end=2025-01-12T00%3A00%3A00%2B01%3A00&includingSaasOnlyCalendar=false&with%5B%5D=address.nearest_slot_after_end&with%5B%5D=links.book.patient&with%5B%5D=slot.doctor_id&with%5B%5D=slot.address_id&with%5B%5D=slot.address&with%5B%5D=slot.with_booked
Fetching: https://www.znanylekarz.pl/api/v3/doctors/350774/addresses/966936/slots?start=2024-12-29T00%3A00%3A00%2B01%3A00&end=2025-01-12T00%3A00%3A00%2B01%3A00&includingSaasOnlyCalendar=false&with%5B%5D=address.nearest_slot_after_end&with%5B%5D=links.book.patient&with%5B%5D=slot.doctor_id&with%5B%5D=slot.address_id&with%5B%5D=slot.address&with%5B%5D=slot.with_booked
Fetching: https://www.znanylekarz.pl/api/v3/doctors/379624/addresses/1042766/slots?start=2024-12-29T00%3A00%3A00%2B01%3A00&end=2025-01-12T00%3A00%3A00%2B01%3A00&includingSaasOnlyCalendar=false&with%5B%5D=address.nearest_slot_after_end&with%5B%5D=links.book.patient&with%5B%5D=slot.doctor_id&with%5B%5D=slot.address_id&with%5B%5D=slot.address&with%5B%5D=slot.with_booked
Fetching: https://www.znanylekarz.pl/api/v3/doctors/262029/addresses/946215/slots?start=2024-12-29T00%3A00%3A00%2B01%3A00&end=2025-01-12T00%3A00%3A00%2B01%3A00&includingSaasOnlyCalendar=false&with%5B%5D=address.nearest_slot_after_end&with%5B%5D=links.book.patient&with%5B%5D=slot.doctor_id&with%5B%5D=slot.address_id&with%5B%5D=slot.address&with%5B%5D=slot.with_booked
Fetching: https://www.znanylekarz.pl/api/v3/doctors/348936/addresses/1031602/slots?start=2024-12-29T00%3A00%3A00%2B01%3A00&end=2025-01-12T00%3A00%3A00%2B01%3A00&includingSaasOnlyCalendar=false&with%5B%5D=address.nearest_slot_after_end&with%5B%5D=links.book.patient&with%5B%5D=slot.doctor_id&with%5B%5D=slot.address_id&with%5B%5D=slot.address&with%5B%5D=slot.with_booked
Fetching: https://www.znanylekarz.pl/api/v3/doctors/333060/addresses/950114/slots?start=2024-12-29T00%3A00%3A00%2B01%3A00&end=2025-01-12T00%3A00%3A00%2B01%3A00&includingSaasOnlyCalendar=false&with%5B%5D=address.nearest_slot_after_end&with%5B%5D=links.book.patient&with%5B%5D=slot.doctor_id&with%5B%5D=slot.address_id&with%5B%5D=slot.address&with%5B%5D=slot.with_booked
Fetching: https://www.znanylekarz.pl/api/v3/doctors/331654/addresses/879864/slots?start=2024-12-29T00%3A00%3A00%2B01%3A00&end=2025-01-12T00%3A00%3A00%2B01%3A00&includingSaasOnlyCalendar=false&with%5B%5D=address.nearest_slot_after_end&with%5B%5D=links.book.patient&with%5B%5D=slot.doctor_id&with%5B%5D=slot.address_id&with%5B%5D=slot.address&with%5B%5D=slot.with_booked
Fetching: https://www.znanylekarz.pl/api/v3/doctors/374835/addresses/1027611/slots?start=2024-12-29T00%3A00%3A00%2B01%3A00&end=2025-01-12T00%3A00%3A00%2B01%3A00&includingSaasOnlyCalendar=false&with%5B%5D=address.nearest_slot_after_end&with%5B%5D=links.book.patient&with%5B%5D=slot.doctor_id&with%5B%5D=slot.address_id&with%5B%5D=slot.address&with%5B%5D=slot.with_booked
Fetching: https://www.znanylekarz.pl/api/v3/doctors/302078/addresses/902740/slots?start=2024-12-29T00%3A00%3A00%2B01%3A00&end=2025-01-12T00%3A00%3A00%2B01%3A00&includingSaasOnlyCalendar=false&with%5B%5D=address.nearest_slot_after_end&with%5B%5D=links.book.patient&with%5B%5D=slot.doctor_id&with%5B%5D=slot.address_id&with%5B%5D=slot.address&with%5B%5D=slot.with_booked
Writing results to /home/rkrawczyszyn/demos/response.json...
Done! Results saved to response.json.
[main 6c1aff8] updated at 2024-12-30 07:00:08
 2 files changed, 34 insertions(+), 1 deletion(-)
To https://github.com/rkrawczyszyn/demos.git
   b145075..6c1aff8  main -> main
Changes pushed with commit message: 'updated at 2024-12-30 07:00:08'
Fetching doctor slots...
Fetching: https://www.znanylekarz.pl/api/v3/doctors/350711/addresses/1074094/slots?start=2024-12-29T00%3A00%3A00%2B01%3A00&end=2025-01-12T00%3A00%3A00%2B01%3A00&includingSaasOnlyCalendar=false&with%5B%5D=address.nearest_slot_after_end&with%5B%5D=links.book.patient&with%5B%5D=slot.doctor_id&with%5B%5D=slot.address_id&with%5B%5D=slot.address&with%5B%5D=slot.with_booked
Fetching: https://www.znanylekarz.pl/api/v3/doctors/359103/addresses/982493/slots?start=2024-12-29T00%3A00%3A00%2B01%3A00&end=2025-01-12T00%3A00%3A00%2B01%3A00&includingSaasOnlyCalendar=false&with%5B%5D=address.nearest_slot_after_end&with%5B%5D=links.book.patient&with%5B%5D=slot.doctor_id&with%5B%5D=slot.address_id&with%5B%5D=slot.address&with%5B%5D=slot.with_booked
Fetching: https://www.znanylekarz.pl/api/v3/doctors/263877/addresses/995702/slots?start=2024-12-29T00%3A00%3A00%2B01%3A00&end=2025-01-12T00%3A00%3A00%2B01%3A00&includingSaasOnlyCalendar=false&with%5B%5D=address.nearest_slot_after_end&with%5B%5D=links.book.patient&with%5B%5D=slot.doctor_id&with%5B%5D=slot.address_id&with%5B%5D=slot.address&with%5B%5D=slot.with_booked
Fetching: https://www.znanylekarz.pl/api/v3/doctors/350774/addresses/966936/slots?start=2024-12-29T00%3A00%3A00%2B01%3A00&end=2025-01-12T00%3A00%3A00%2B01%3A00&includingSaasOnlyCalendar=false&with%5B%5D=address.nearest_slot_after_end&with%5B%5D=links.book.patient&with%5B%5D=slot.doctor_id&with%5B%5D=slot.address_id&with%5B%5D=slot.address&with%5B%5D=slot.with_booked
Fetching: https://www.znanylekarz.pl/api/v3/doctors/379624/addresses/1042766/slots?start=2024-12-29T00%3A00%3A00%2B01%3A00&end=2025-01-12T00%3A00%3A00%2B01%3A00&includingSaasOnlyCalendar=false&with%5B%5D=address.nearest_slot_after_end&with%5B%5D=links.book.patient&with%5B%5D=slot.doctor_id&with%5B%5D=slot.address_id&with%5B%5D=slot.address&with%5B%5D=slot.with_booked
Fetching: https://www.znanylekarz.pl/api/v3/doctors/262029/addresses/946215/slots?start=2024-12-29T00%3A00%3A00%2B01%3A00&end=2025-01-12T00%3A00%3A00%2B01%3A00&includingSaasOnlyCalendar=false&with%5B%5D=address.nearest_slot_after_end&with%5B%5D=links.book.patient&with%5B%5D=slot.doctor_id&with%5B%5D=slot.address_id&with%5B%5D=slot.address&with%5B%5D=slot.with_booked
Fetching: https://www.znanylekarz.pl/api/v3/doctors/348936/addresses/1031602/slots?start=2024-12-29T00%3A00%3A00%2B01%3A00&end=2025-01-12T00%3A00%3A00%2B01%3A00&includingSaasOnlyCalendar=false&with%5B%5D=address.nearest_slot_after_end&with%5B%5D=links.book.patient&with%5B%5D=slot.doctor_id&with%5B%5D=slot.address_id&with%5B%5D=slot.address&with%5B%5D=slot.with_booked
Fetching: https://www.znanylekarz.pl/api/v3/doctors/333060/addresses/950114/slots?start=2024-12-29T00%3A00%3A00%2B01%3A00&end=2025-01-12T00%3A00%3A00%2B01%3A00&includingSaasOnlyCalendar=false&with%5B%5D=address.nearest_slot_after_end&with%5B%5D=links.book.patient&with%5B%5D=slot.doctor_id&with%5B%5D=slot.address_id&with%5B%5D=slot.address&with%5B%5D=slot.with_booked
Fetching: https://www.znanylekarz.pl/api/v3/doctors/331654/addresses/879864/slots?start=2024-12-29T00%3A00%3A00%2B01%3A00&end=2025-01-12T00%3A00%3A00%2B01%3A00&includingSaasOnlyCalendar=false&with%5B%5D=address.nearest_slot_after_end&with%5B%5D=links.book.patient&with%5B%5D=slot.doctor_id&with%5B%5D=slot.address_id&with%5B%5D=slot.address&with%5B%5D=slot.with_booked
Fetching: https://www.znanylekarz.pl/api/v3/doctors/374835/addresses/1027611/slots?start=2024-12-29T00%3A00%3A00%2B01%3A00&end=2025-01-12T00%3A00%3A00%2B01%3A00&includingSaasOnlyCalendar=false&with%5B%5D=address.nearest_slot_after_end&with%5B%5D=links.book.patient&with%5B%5D=slot.doctor_id&with%5B%5D=slot.address_id&with%5B%5D=slot.address&with%5B%5D=slot.with_booked
Fetching: https://www.znanylekarz.pl/api/v3/doctors/302078/addresses/902740/slots?start=2024-12-29T00%3A00%3A00%2B01%3A00&end=2025-01-12T00%3A00%3A00%2B01%3A00&includingSaasOnlyCalendar=false&with%5B%5D=address.nearest_slot_after_end&with%5B%5D=links.book.patient&with%5B%5D=slot.doctor_id&with%5B%5D=slot.address_id&with%5B%5D=slot.address&with%5B%5D=slot.with_booked
Writing results to /home/rkrawczyszyn/demos/response.json...
Done! Results saved to response.json.
[main 90f481c] updated at 2024-12-30 08:00:16
 2 files changed, 22 insertions(+), 3 deletions(-)
To https://github.com/rkrawczyszyn/demos.git
   6c1aff8..90f481c  main -> main
Changes pushed with commit message: 'updated at 2024-12-30 08:00:16'
Fetching doctor slots...
Fetching: https://www.znanylekarz.pl/api/v3/doctors/350711/addresses/1074094/slots?start=2024-12-29T00%3A00%3A00%2B01%3A00&end=2025-01-12T00%3A00%3A00%2B01%3A00&includingSaasOnlyCalendar=false&with%5B%5D=address.nearest_slot_after_end&with%5B%5D=links.book.patient&with%5B%5D=slot.doctor_id&with%5B%5D=slot.address_id&with%5B%5D=slot.address&with%5B%5D=slot.with_booked
Fetching: https://www.znanylekarz.pl/api/v3/doctors/359103/addresses/982493/slots?start=2024-12-29T00%3A00%3A00%2B01%3A00&end=2025-01-12T00%3A00%3A00%2B01%3A00&includingSaasOnlyCalendar=false&with%5B%5D=address.nearest_slot_after_end&with%5B%5D=links.book.patient&with%5B%5D=slot.doctor_id&with%5B%5D=slot.address_id&with%5B%5D=slot.address&with%5B%5D=slot.with_booked
Fetching: https://www.znanylekarz.pl/api/v3/doctors/263877/addresses/995702/slots?start=2024-12-29T00%3A00%3A00%2B01%3A00&end=2025-01-12T00%3A00%3A00%2B01%3A00&includingSaasOnlyCalendar=false&with%5B%5D=address.nearest_slot_after_end&with%5B%5D=links.book.patient&with%5B%5D=slot.doctor_id&with%5B%5D=slot.address_id&with%5B%5D=slot.address&with%5B%5D=slot.with_booked
Fetching: https://www.znanylekarz.pl/api/v3/doctors/350774/addresses/966936/slots?start=2024-12-29T00%3A00%3A00%2B01%3A00&end=2025-01-12T00%3A00%3A00%2B01%3A00&includingSaasOnlyCalendar=false&with%5B%5D=address.nearest_slot_after_end&with%5B%5D=links.book.patient&with%5B%5D=slot.doctor_id&with%5B%5D=slot.address_id&with%5B%5D=slot.address&with%5B%5D=slot.with_booked
Fetching: https://www.znanylekarz.pl/api/v3/doctors/379624/addresses/1042766/slots?start=2024-12-29T00%3A00%3A00%2B01%3A00&end=2025-01-12T00%3A00%3A00%2B01%3A00&includingSaasOnlyCalendar=false&with%5B%5D=address.nearest_slot_after_end&with%5B%5D=links.book.patient&with%5B%5D=slot.doctor_id&with%5B%5D=slot.address_id&with%5B%5D=slot.address&with%5B%5D=slot.with_booked
Fetching: https://www.znanylekarz.pl/api/v3/doctors/262029/addresses/946215/slots?start=2024-12-29T00%3A00%3A00%2B01%3A00&end=2025-01-12T00%3A00%3A00%2B01%3A00&includingSaasOnlyCalendar=false&with%5B%5D=address.nearest_slot_after_end&with%5B%5D=links.book.patient&with%5B%5D=slot.doctor_id&with%5B%5D=slot.address_id&with%5B%5D=slot.address&with%5B%5D=slot.with_booked
Fetching: https://www.znanylekarz.pl/api/v3/doctors/348936/addresses/1031602/slots?start=2024-12-29T00%3A00%3A00%2B01%3A00&end=2025-01-12T00%3A00%3A00%2B01%3A00&includingSaasOnlyCalendar=false&with%5B%5D=address.nearest_slot_after_end&with%5B%5D=links.book.patient&with%5B%5D=slot.doctor_id&with%5B%5D=slot.address_id&with%5B%5D=slot.address&with%5B%5D=slot.with_booked
Fetching: https://www.znanylekarz.pl/api/v3/doctors/333060/addresses/950114/slots?start=2024-12-29T00%3A00%3A00%2B01%3A00&end=2025-01-12T00%3A00%3A00%2B01%3A00&includingSaasOnlyCalendar=false&with%5B%5D=address.nearest_slot_after_end&with%5B%5D=links.book.patient&with%5B%5D=slot.doctor_id&with%5B%5D=slot.address_id&with%5B%5D=slot.address&with%5B%5D=slot.with_booked
Fetching: https://www.znanylekarz.pl/api/v3/doctors/331654/addresses/879864/slots?start=2024-12-29T00%3A00%3A00%2B01%3A00&end=2025-01-12T00%3A00%3A00%2B01%3A00&includingSaasOnlyCalendar=false&with%5B%5D=address.nearest_slot_after_end&with%5B%5D=links.book.patient&with%5B%5D=slot.doctor_id&with%5B%5D=slot.address_id&with%5B%5D=slot.address&with%5B%5D=slot.with_booked
Fetching: https://www.znanylekarz.pl/api/v3/doctors/374835/addresses/1027611/slots?start=2024-12-29T00%3A00%3A00%2B01%3A00&end=2025-01-12T00%3A00%3A00%2B01%3A00&includingSaasOnlyCalendar=false&with%5B%5D=address.nearest_slot_after_end&with%5B%5D=links.book.patient&with%5B%5D=slot.doctor_id&with%5B%5D=slot.address_id&with%5B%5D=slot.address&with%5B%5D=slot.with_booked
Fetching: https://www.znanylekarz.pl/api/v3/doctors/302078/addresses/902740/slots?start=2024-12-29T00%3A00%3A00%2B01%3A00&end=2025-01-12T00%3A00%3A00%2B01%3A00&includingSaasOnlyCalendar=false&with%5B%5D=address.nearest_slot_after_end&with%5B%5D=links.book.patient&with%5B%5D=slot.doctor_id&with%5B%5D=slot.address_id&with%5B%5D=slot.address&with%5B%5D=slot.with_booked
Writing results to /home/rkrawczyszyn/demos/response.json...
Done! Results saved to response.json.
[main e02ef4c] updated at 2024-12-30 09:00:12
 2 files changed, 42 insertions(+), 107 deletions(-)
To https://github.com/rkrawczyszyn/demos.git
   90f481c..e02ef4c  main -> main
Changes pushed with commit message: 'updated at 2024-12-30 09:00:12'
Fetching doctor slots...
Fetching: https://www.znanylekarz.pl/api/v3/doctors/350711/addresses/1074094/slots?start=2024-12-29T00%3A00%3A00%2B01%3A00&end=2025-01-12T00%3A00%3A00%2B01%3A00&includingSaasOnlyCalendar=false&with%5B%5D=address.nearest_slot_after_end&with%5B%5D=links.book.patient&with%5B%5D=slot.doctor_id&with%5B%5D=slot.address_id&with%5B%5D=slot.address&with%5B%5D=slot.with_booked
Fetching: https://www.znanylekarz.pl/api/v3/doctors/359103/addresses/982493/slots?start=2024-12-29T00%3A00%3A00%2B01%3A00&end=2025-01-12T00%3A00%3A00%2B01%3A00&includingSaasOnlyCalendar=false&with%5B%5D=address.nearest_slot_after_end&with%5B%5D=links.book.patient&with%5B%5D=slot.doctor_id&with%5B%5D=slot.address_id&with%5B%5D=slot.address&with%5B%5D=slot.with_booked
Fetching: https://www.znanylekarz.pl/api/v3/doctors/263877/addresses/995702/slots?start=2024-12-29T00%3A00%3A00%2B01%3A00&end=2025-01-12T00%3A00%3A00%2B01%3A00&includingSaasOnlyCalendar=false&with%5B%5D=address.nearest_slot_after_end&with%5B%5D=links.book.patient&with%5B%5D=slot.doctor_id&with%5B%5D=slot.address_id&with%5B%5D=slot.address&with%5B%5D=slot.with_booked
Fetching: https://www.znanylekarz.pl/api/v3/doctors/350774/addresses/966936/slots?start=2024-12-29T00%3A00%3A00%2B01%3A00&end=2025-01-12T00%3A00%3A00%2B01%3A00&includingSaasOnlyCalendar=false&with%5B%5D=address.nearest_slot_after_end&with%5B%5D=links.book.patient&with%5B%5D=slot.doctor_id&with%5B%5D=slot.address_id&with%5B%5D=slot.address&with%5B%5D=slot.with_booked
Fetching: https://www.znanylekarz.pl/api/v3/doctors/379624/addresses/1042766/slots?start=2024-12-29T00%3A00%3A00%2B01%3A00&end=2025-01-12T00%3A00%3A00%2B01%3A00&includingSaasOnlyCalendar=false&with%5B%5D=address.nearest_slot_after_end&with%5B%5D=links.book.patient&with%5B%5D=slot.doctor_id&with%5B%5D=slot.address_id&with%5B%5D=slot.address&with%5B%5D=slot.with_booked
Fetching: https://www.znanylekarz.pl/api/v3/doctors/262029/addresses/946215/slots?start=2024-12-29T00%3A00%3A00%2B01%3A00&end=2025-01-12T00%3A00%3A00%2B01%3A00&includingSaasOnlyCalendar=false&with%5B%5D=address.nearest_slot_after_end&with%5B%5D=links.book.patient&with%5B%5D=slot.doctor_id&with%5B%5D=slot.address_id&with%5B%5D=slot.address&with%5B%5D=slot.with_booked
Fetching: https://www.znanylekarz.pl/api/v3/doctors/348936/addresses/1031602/slots?start=2024-12-29T00%3A00%3A00%2B01%3A00&end=2025-01-12T00%3A00%3A00%2B01%3A00&includingSaasOnlyCalendar=false&with%5B%5D=address.nearest_slot_after_end&with%5B%5D=links.book.patient&with%5B%5D=slot.doctor_id&with%5B%5D=slot.address_id&with%5B%5D=slot.address&with%5B%5D=slot.with_booked
Fetching: https://www.znanylekarz.pl/api/v3/doctors/333060/addresses/950114/slots?start=2024-12-29T00%3A00%3A00%2B01%3A00&end=2025-01-12T00%3A00%3A00%2B01%3A00&includingSaasOnlyCalendar=false&with%5B%5D=address.nearest_slot_after_end&with%5B%5D=links.book.patient&with%5B%5D=slot.doctor_id&with%5B%5D=slot.address_id&with%5B%5D=slot.address&with%5B%5D=slot.with_booked
Fetching: https://www.znanylekarz.pl/api/v3/doctors/331654/addresses/879864/slots?start=2024-12-29T00%3A00%3A00%2B01%3A00&end=2025-01-12T00%3A00%3A00%2B01%3A00&includingSaasOnlyCalendar=false&with%5B%5D=address.nearest_slot_after_end&with%5B%5D=links.book.patient&with%5B%5D=slot.doctor_id&with%5B%5D=slot.address_id&with%5B%5D=slot.address&with%5B%5D=slot.with_booked
Fetching: https://www.znanylekarz.pl/api/v3/doctors/374835/addresses/1027611/slots?start=2024-12-29T00%3A00%3A00%2B01%3A00&end=2025-01-12T00%3A00%3A00%2B01%3A00&includingSaasOnlyCalendar=false&with%5B%5D=address.nearest_slot_after_end&with%5B%5D=links.book.patient&with%5B%5D=slot.doctor_id&with%5B%5D=slot.address_id&with%5B%5D=slot.address&with%5B%5D=slot.with_booked
Fetching: https://www.znanylekarz.pl/api/v3/doctors/302078/addresses/902740/slots?start=2024-12-29T00%3A00%3A00%2B01%3A00&end=2025-01-12T00%3A00%3A00%2B01%3A00&includingSaasOnlyCalendar=false&with%5B%5D=address.nearest_slot_after_end&with%5B%5D=links.book.patient&with%5B%5D=slot.doctor_id&with%5B%5D=slot.address_id&with%5B%5D=slot.address&with%5B%5D=slot.with_booked
Writing results to /home/rkrawczyszyn/demos/response.json...
Done! Results saved to response.json.
[main 2e6a356] updated at 2024-12-30 10:00:08
 2 files changed, 54 insertions(+), 35 deletions(-)
To https://github.com/rkrawczyszyn/demos.git
   e02ef4c..2e6a356  main -> main
Changes pushed with commit message: 'updated at 2024-12-30 10:00:08'
Fetching doctor slots...
Fetching: https://www.znanylekarz.pl/api/v3/doctors/350711/addresses/1074094/slots?start=2024-12-29T00%3A00%3A00%2B01%3A00&end=2025-01-12T00%3A00%3A00%2B01%3A00&includingSaasOnlyCalendar=false&with%5B%5D=address.nearest_slot_after_end&with%5B%5D=links.book.patient&with%5B%5D=slot.doctor_id&with%5B%5D=slot.address_id&with%5B%5D=slot.address&with%5B%5D=slot.with_booked
Fetching: https://www.znanylekarz.pl/api/v3/doctors/359103/addresses/982493/slots?start=2024-12-29T00%3A00%3A00%2B01%3A00&end=2025-01-12T00%3A00%3A00%2B01%3A00&includingSaasOnlyCalendar=false&with%5B%5D=address.nearest_slot_after_end&with%5B%5D=links.book.patient&with%5B%5D=slot.doctor_id&with%5B%5D=slot.address_id&with%5B%5D=slot.address&with%5B%5D=slot.with_booked
Fetching: https://www.znanylekarz.pl/api/v3/doctors/263877/addresses/995702/slots?start=2024-12-29T00%3A00%3A00%2B01%3A00&end=2025-01-12T00%3A00%3A00%2B01%3A00&includingSaasOnlyCalendar=false&with%5B%5D=address.nearest_slot_after_end&with%5B%5D=links.book.patient&with%5B%5D=slot.doctor_id&with%5B%5D=slot.address_id&with%5B%5D=slot.address&with%5B%5D=slot.with_booked
Fetching: https://www.znanylekarz.pl/api/v3/doctors/350774/addresses/966936/slots?start=2024-12-29T00%3A00%3A00%2B01%3A00&end=2025-01-12T00%3A00%3A00%2B01%3A00&includingSaasOnlyCalendar=false&with%5B%5D=address.nearest_slot_after_end&with%5B%5D=links.book.patient&with%5B%5D=slot.doctor_id&with%5B%5D=slot.address_id&with%5B%5D=slot.address&with%5B%5D=slot.with_booked
Fetching: https://www.znanylekarz.pl/api/v3/doctors/379624/addresses/1042766/slots?start=2024-12-29T00%3A00%3A00%2B01%3A00&end=2025-01-12T00%3A00%3A00%2B01%3A00&includingSaasOnlyCalendar=false&with%5B%5D=address.nearest_slot_after_end&with%5B%5D=links.book.patient&with%5B%5D=slot.doctor_id&with%5B%5D=slot.address_id&with%5B%5D=slot.address&with%5B%5D=slot.with_booked
Fetching: https://www.znanylekarz.pl/api/v3/doctors/262029/addresses/946215/slots?start=2024-12-29T00%3A00%3A00%2B01%3A00&end=2025-01-12T00%3A00%3A00%2B01%3A00&includingSaasOnlyCalendar=false&with%5B%5D=address.nearest_slot_after_end&with%5B%5D=links.book.patient&with%5B%5D=slot.doctor_id&with%5B%5D=slot.address_id&with%5B%5D=slot.address&with%5B%5D=slot.with_booked
Fetching: https://www.znanylekarz.pl/api/v3/doctors/348936/addresses/1031602/slots?start=2024-12-29T00%3A00%3A00%2B01%3A00&end=2025-01-12T00%3A00%3A00%2B01%3A00&includingSaasOnlyCalendar=false&with%5B%5D=address.nearest_slot_after_end&with%5B%5D=links.book.patient&with%5B%5D=slot.doctor_id&with%5B%5D=slot.address_id&with%5B%5D=slot.address&with%5B%5D=slot.with_booked
Fetching: https://www.znanylekarz.pl/api/v3/doctors/333060/addresses/950114/slots?start=2024-12-29T00%3A00%3A00%2B01%3A00&end=2025-01-12T00%3A00%3A00%2B01%3A00&includingSaasOnlyCalendar=false&with%5B%5D=address.nearest_slot_after_end&with%5B%5D=links.book.patient&with%5B%5D=slot.doctor_id&with%5B%5D=slot.address_id&with%5B%5D=slot.address&with%5B%5D=slot.with_booked
Fetching: https://www.znanylekarz.pl/api/v3/doctors/331654/addresses/879864/slots?start=2024-12-29T00%3A00%3A00%2B01%3A00&end=2025-01-12T00%3A00%3A00%2B01%3A00&includingSaasOnlyCalendar=false&with%5B%5D=address.nearest_slot_after_end&with%5B%5D=links.book.patient&with%5B%5D=slot.doctor_id&with%5B%5D=slot.address_id&with%5B%5D=slot.address&with%5B%5D=slot.with_booked
Fetching: https://www.znanylekarz.pl/api/v3/doctors/374835/addresses/1027611/slots?start=2024-12-29T00%3A00%3A00%2B01%3A00&end=2025-01-12T00%3A00%3A00%2B01%3A00&includingSaasOnlyCalendar=false&with%5B%5D=address.nearest_slot_after_end&with%5B%5D=links.book.patient&with%5B%5D=slot.doctor_id&with%5B%5D=slot.address_id&with%5B%5D=slot.address&with%5B%5D=slot.with_booked
Fetching: https://www.znanylekarz.pl/api/v3/doctors/302078/addresses/902740/slots?start=2024-12-29T00%3A00%3A00%2B01%3A00&end=2025-01-12T00%3A00%3A00%2B01%3A00&includingSaasOnlyCalendar=false&with%5B%5D=address.nearest_slot_after_end&with%5B%5D=links.book.patient&with%5B%5D=slot.doctor_id&with%5B%5D=slot.address_id&with%5B%5D=slot.address&with%5B%5D=slot.with_booked
Writing results to /home/rkrawczyszyn/demos/response.json...
Done! Results saved to response.json.
[main 6c29f24] updated at 2024-12-30 11:00:04
 2 files changed, 21 insertions(+), 6051 deletions(-)
To https://github.com/rkrawczyszyn/demos.git
   2e6a356..6c29f24  main -> main
Changes pushed with commit message: 'updated at 2024-12-30 11:00:04'
Fetching doctor slots...
Fetching: https://www.znanylekarz.pl/api/v3/doctors/350711/addresses/1074094/slots?start=2024-12-29T00%3A00%3A00%2B01%3A00&end=2025-01-12T00%3A00%3A00%2B01%3A00&includingSaasOnlyCalendar=false&with%5B%5D=address.nearest_slot_after_end&with%5B%5D=links.book.patient&with%5B%5D=slot.doctor_id&with%5B%5D=slot.address_id&with%5B%5D=slot.address&with%5B%5D=slot.with_booked
Fetching: https://www.znanylekarz.pl/api/v3/doctors/359103/addresses/982493/slots?start=2024-12-29T00%3A00%3A00%2B01%3A00&end=2025-01-12T00%3A00%3A00%2B01%3A00&includingSaasOnlyCalendar=false&with%5B%5D=address.nearest_slot_after_end&with%5B%5D=links.book.patient&with%5B%5D=slot.doctor_id&with%5B%5D=slot.address_id&with%5B%5D=slot.address&with%5B%5D=slot.with_booked
Fetching: https://www.znanylekarz.pl/api/v3/doctors/263877/addresses/995702/slots?start=2024-12-29T00%3A00%3A00%2B01%3A00&end=2025-01-12T00%3A00%3A00%2B01%3A00&includingSaasOnlyCalendar=false&with%5B%5D=address.nearest_slot_after_end&with%5B%5D=links.book.patient&with%5B%5D=slot.doctor_id&with%5B%5D=slot.address_id&with%5B%5D=slot.address&with%5B%5D=slot.with_booked
Fetching: https://www.znanylekarz.pl/api/v3/doctors/350774/addresses/966936/slots?start=2024-12-29T00%3A00%3A00%2B01%3A00&end=2025-01-12T00%3A00%3A00%2B01%3A00&includingSaasOnlyCalendar=false&with%5B%5D=address.nearest_slot_after_end&with%5B%5D=links.book.patient&with%5B%5D=slot.doctor_id&with%5B%5D=slot.address_id&with%5B%5D=slot.address&with%5B%5D=slot.with_booked
Fetching: https://www.znanylekarz.pl/api/v3/doctors/379624/addresses/1042766/slots?start=2024-12-29T00%3A00%3A00%2B01%3A00&end=2025-01-12T00%3A00%3A00%2B01%3A00&includingSaasOnlyCalendar=false&with%5B%5D=address.nearest_slot_after_end&with%5B%5D=links.book.patient&with%5B%5D=slot.doctor_id&with%5B%5D=slot.address_id&with%5B%5D=slot.address&with%5B%5D=slot.with_booked
Fetching: https://www.znanylekarz.pl/api/v3/doctors/262029/addresses/946215/slots?start=2024-12-29T00%3A00%3A00%2B01%3A00&end=2025-01-12T00%3A00%3A00%2B01%3A00&includingSaasOnlyCalendar=false&with%5B%5D=address.nearest_slot_after_end&with%5B%5D=links.book.patient&with%5B%5D=slot.doctor_id&with%5B%5D=slot.address_id&with%5B%5D=slot.address&with%5B%5D=slot.with_booked
Fetching: https://www.znanylekarz.pl/api/v3/doctors/348936/addresses/1031602/slots?start=2024-12-29T00%3A00%3A00%2B01%3A00&end=2025-01-12T00%3A00%3A00%2B01%3A00&includingSaasOnlyCalendar=false&with%5B%5D=address.nearest_slot_after_end&with%5B%5D=links.book.patient&with%5B%5D=slot.doctor_id&with%5B%5D=slot.address_id&with%5B%5D=slot.address&with%5B%5D=slot.with_booked
Fetching: https://www.znanylekarz.pl/api/v3/doctors/333060/addresses/950114/slots?start=2024-12-29T00%3A00%3A00%2B01%3A00&end=2025-01-12T00%3A00%3A00%2B01%3A00&includingSaasOnlyCalendar=false&with%5B%5D=address.nearest_slot_after_end&with%5B%5D=links.book.patient&with%5B%5D=slot.doctor_id&with%5B%5D=slot.address_id&with%5B%5D=slot.address&with%5B%5D=slot.with_booked
Fetching: https://www.znanylekarz.pl/api/v3/doctors/331654/addresses/879864/slots?start=2024-12-29T00%3A00%3A00%2B01%3A00&end=2025-01-12T00%3A00%3A00%2B01%3A00&includingSaasOnlyCalendar=false&with%5B%5D=address.nearest_slot_after_end&with%5B%5D=links.book.patient&with%5B%5D=slot.doctor_id&with%5B%5D=slot.address_id&with%5B%5D=slot.address&with%5B%5D=slot.with_booked
Fetching: https://www.znanylekarz.pl/api/v3/doctors/374835/addresses/1027611/slots?start=2024-12-29T00%3A00%3A00%2B01%3A00&end=2025-01-12T00%3A00%3A00%2B01%3A00&includingSaasOnlyCalendar=false&with%5B%5D=address.nearest_slot_after_end&with%5B%5D=links.book.patient&with%5B%5D=slot.doctor_id&with%5B%5D=slot.address_id&with%5B%5D=slot.address&with%5B%5D=slot.with_booked
Fetching: https://www.znanylekarz.pl/api/v3/doctors/302078/addresses/902740/slots?start=2024-12-29T00%3A00%3A00%2B01%3A00&end=2025-01-12T00%3A00%3A00%2B01%3A00&includingSaasOnlyCalendar=false&with%5B%5D=address.nearest_slot_after_end&with%5B%5D=links.book.patient&with%5B%5D=slot.doctor_id&with%5B%5D=slot.address_id&with%5B%5D=slot.address&with%5B%5D=slot.with_booked
Writing results to /home/rkrawczyszyn/demos/response.json...
Done! Results saved to response.json.
[main 5002502] updated at 2024-12-30 12:00:04
 2 files changed, 20 insertions(+), 1 deletion(-)
To https://github.com/rkrawczyszyn/demos.git
   6c29f24..5002502  main -> main
Changes pushed with commit message: 'updated at 2024-12-30 12:00:04'
Fetching doctor slots...
Fetching: https://www.znanylekarz.pl/api/v3/doctors/350711/addresses/1074094/slots?start=2024-12-29T00%3A00%3A00%2B01%3A00&end=2025-01-12T00%3A00%3A00%2B01%3A00&includingSaasOnlyCalendar=false&with%5B%5D=address.nearest_slot_after_end&with%5B%5D=links.book.patient&with%5B%5D=slot.doctor_id&with%5B%5D=slot.address_id&with%5B%5D=slot.address&with%5B%5D=slot.with_booked
Fetching: https://www.znanylekarz.pl/api/v3/doctors/359103/addresses/982493/slots?start=2024-12-29T00%3A00%3A00%2B01%3A00&end=2025-01-12T00%3A00%3A00%2B01%3A00&includingSaasOnlyCalendar=false&with%5B%5D=address.nearest_slot_after_end&with%5B%5D=links.book.patient&with%5B%5D=slot.doctor_id&with%5B%5D=slot.address_id&with%5B%5D=slot.address&with%5B%5D=slot.with_booked
Fetching: https://www.znanylekarz.pl/api/v3/doctors/263877/addresses/995702/slots?start=2024-12-29T00%3A00%3A00%2B01%3A00&end=2025-01-12T00%3A00%3A00%2B01%3A00&includingSaasOnlyCalendar=false&with%5B%5D=address.nearest_slot_after_end&with%5B%5D=links.book.patient&with%5B%5D=slot.doctor_id&with%5B%5D=slot.address_id&with%5B%5D=slot.address&with%5B%5D=slot.with_booked
Fetching: https://www.znanylekarz.pl/api/v3/doctors/350774/addresses/966936/slots?start=2024-12-29T00%3A00%3A00%2B01%3A00&end=2025-01-12T00%3A00%3A00%2B01%3A00&includingSaasOnlyCalendar=false&with%5B%5D=address.nearest_slot_after_end&with%5B%5D=links.book.patient&with%5B%5D=slot.doctor_id&with%5B%5D=slot.address_id&with%5B%5D=slot.address&with%5B%5D=slot.with_booked
Fetching: https://www.znanylekarz.pl/api/v3/doctors/379624/addresses/1042766/slots?start=2024-12-29T00%3A00%3A00%2B01%3A00&end=2025-01-12T00%3A00%3A00%2B01%3A00&includingSaasOnlyCalendar=false&with%5B%5D=address.nearest_slot_after_end&with%5B%5D=links.book.patient&with%5B%5D=slot.doctor_id&with%5B%5D=slot.address_id&with%5B%5D=slot.address&with%5B%5D=slot.with_booked
Fetching: https://www.znanylekarz.pl/api/v3/doctors/262029/addresses/946215/slots?start=2024-12-29T00%3A00%3A00%2B01%3A00&end=2025-01-12T00%3A00%3A00%2B01%3A00&includingSaasOnlyCalendar=false&with%5B%5D=address.nearest_slot_after_end&with%5B%5D=links.book.patient&with%5B%5D=slot.doctor_id&with%5B%5D=slot.address_id&with%5B%5D=slot.address&with%5B%5D=slot.with_booked
Fetching: https://www.znanylekarz.pl/api/v3/doctors/348936/addresses/1031602/slots?start=2024-12-29T00%3A00%3A00%2B01%3A00&end=2025-01-12T00%3A00%3A00%2B01%3A00&includingSaasOnlyCalendar=false&with%5B%5D=address.nearest_slot_after_end&with%5B%5D=links.book.patient&with%5B%5D=slot.doctor_id&with%5B%5D=slot.address_id&with%5B%5D=slot.address&with%5B%5D=slot.with_booked
Fetching: https://www.znanylekarz.pl/api/v3/doctors/333060/addresses/950114/slots?start=2024-12-29T00%3A00%3A00%2B01%3A00&end=2025-01-12T00%3A00%3A00%2B01%3A00&includingSaasOnlyCalendar=false&with%5B%5D=address.nearest_slot_after_end&with%5B%5D=links.book.patient&with%5B%5D=slot.doctor_id&with%5B%5D=slot.address_id&with%5B%5D=slot.address&with%5B%5D=slot.with_booked
Fetching: https://www.znanylekarz.pl/api/v3/doctors/331654/addresses/879864/slots?start=2024-12-29T00%3A00%3A00%2B01%3A00&end=2025-01-12T00%3A00%3A00%2B01%3A00&includingSaasOnlyCalendar=false&with%5B%5D=address.nearest_slot_after_end&with%5B%5D=links.book.patient&with%5B%5D=slot.doctor_id&with%5B%5D=slot.address_id&with%5B%5D=slot.address&with%5B%5D=slot.with_booked
Fetching: https://www.znanylekarz.pl/api/v3/doctors/374835/addresses/1027611/slots?start=2024-12-29T00%3A00%3A00%2B01%3A00&end=2025-01-12T00%3A00%3A00%2B01%3A00&includingSaasOnlyCalendar=false&with%5B%5D=address.nearest_slot_after_end&with%5B%5D=links.book.patient&with%5B%5D=slot.doctor_id&with%5B%5D=slot.address_id&with%5B%5D=slot.address&with%5B%5D=slot.with_booked
Fetching: https://www.znanylekarz.pl/api/v3/doctors/302078/addresses/902740/slots?start=2024-12-29T00%3A00%3A00%2B01%3A00&end=2025-01-12T00%3A00%3A00%2B01%3A00&includingSaasOnlyCalendar=false&with%5B%5D=address.nearest_slot_after_end&with%5B%5D=links.book.patient&with%5B%5D=slot.doctor_id&with%5B%5D=slot.address_id&with%5B%5D=slot.address&with%5B%5D=slot.with_booked
Writing results to /home/rkrawczyszyn/demos/response.json...
Done! Results saved to response.json.
[main fad7e89] updated at 2024-12-30 13:00:08
 2 files changed, 15 insertions(+), 15 deletions(-)
To https://github.com/rkrawczyszyn/demos.git
   d0cce1b..fad7e89  main -> main
Changes pushed with commit message: 'updated at 2024-12-30 13:00:08'
Fetching doctor slots...
Fetching: https://www.znanylekarz.pl/api/v3/doctors/350711/addresses/1074094/slots?start=2024-12-29T00%3A00%3A00%2B01%3A00&end=2025-01-12T00%3A00%3A00%2B01%3A00&includingSaasOnlyCalendar=false&with%5B%5D=address.nearest_slot_after_end&with%5B%5D=links.book.patient&with%5B%5D=slot.doctor_id&with%5B%5D=slot.address_id&with%5B%5D=slot.address&with%5B%5D=slot.with_booked
Fetching: https://www.znanylekarz.pl/api/v3/doctors/359103/addresses/982493/slots?start=2024-12-29T00%3A00%3A00%2B01%3A00&end=2025-01-12T00%3A00%3A00%2B01%3A00&includingSaasOnlyCalendar=false&with%5B%5D=address.nearest_slot_after_end&with%5B%5D=links.book.patient&with%5B%5D=slot.doctor_id&with%5B%5D=slot.address_id&with%5B%5D=slot.address&with%5B%5D=slot.with_booked
Fetching: https://www.znanylekarz.pl/api/v3/doctors/263877/addresses/995702/slots?start=2024-12-29T00%3A00%3A00%2B01%3A00&end=2025-01-12T00%3A00%3A00%2B01%3A00&includingSaasOnlyCalendar=false&with%5B%5D=address.nearest_slot_after_end&with%5B%5D=links.book.patient&with%5B%5D=slot.doctor_id&with%5B%5D=slot.address_id&with%5B%5D=slot.address&with%5B%5D=slot.with_booked
Fetching: https://www.znanylekarz.pl/api/v3/doctors/350774/addresses/966936/slots?start=2024-12-29T00%3A00%3A00%2B01%3A00&end=2025-01-12T00%3A00%3A00%2B01%3A00&includingSaasOnlyCalendar=false&with%5B%5D=address.nearest_slot_after_end&with%5B%5D=links.book.patient&with%5B%5D=slot.doctor_id&with%5B%5D=slot.address_id&with%5B%5D=slot.address&with%5B%5D=slot.with_booked
Fetching: https://www.znanylekarz.pl/api/v3/doctors/379624/addresses/1042766/slots?start=2024-12-29T00%3A00%3A00%2B01%3A00&end=2025-01-12T00%3A00%3A00%2B01%3A00&includingSaasOnlyCalendar=false&with%5B%5D=address.nearest_slot_after_end&with%5B%5D=links.book.patient&with%5B%5D=slot.doctor_id&with%5B%5D=slot.address_id&with%5B%5D=slot.address&with%5B%5D=slot.with_booked
Fetching: https://www.znanylekarz.pl/api/v3/doctors/262029/addresses/946215/slots?start=2024-12-29T00%3A00%3A00%2B01%3A00&end=2025-01-12T00%3A00%3A00%2B01%3A00&includingSaasOnlyCalendar=false&with%5B%5D=address.nearest_slot_after_end&with%5B%5D=links.book.patient&with%5B%5D=slot.doctor_id&with%5B%5D=slot.address_id&with%5B%5D=slot.address&with%5B%5D=slot.with_booked
Fetching: https://www.znanylekarz.pl/api/v3/doctors/348936/addresses/1031602/slots?start=2024-12-29T00%3A00%3A00%2B01%3A00&end=2025-01-12T00%3A00%3A00%2B01%3A00&includingSaasOnlyCalendar=false&with%5B%5D=address.nearest_slot_after_end&with%5B%5D=links.book.patient&with%5B%5D=slot.doctor_id&with%5B%5D=slot.address_id&with%5B%5D=slot.address&with%5B%5D=slot.with_booked
Fetching: https://www.znanylekarz.pl/api/v3/doctors/333060/addresses/950114/slots?start=2024-12-29T00%3A00%3A00%2B01%3A00&end=2025-01-12T00%3A00%3A00%2B01%3A00&includingSaasOnlyCalendar=false&with%5B%5D=address.nearest_slot_after_end&with%5B%5D=links.book.patient&with%5B%5D=slot.doctor_id&with%5B%5D=slot.address_id&with%5B%5D=slot.address&with%5B%5D=slot.with_booked
Fetching: https://www.znanylekarz.pl/api/v3/doctors/331654/addresses/879864/slots?start=2024-12-29T00%3A00%3A00%2B01%3A00&end=2025-01-12T00%3A00%3A00%2B01%3A00&includingSaasOnlyCalendar=false&with%5B%5D=address.nearest_slot_after_end&with%5B%5D=links.book.patient&with%5B%5D=slot.doctor_id&with%5B%5D=slot.address_id&with%5B%5D=slot.address&with%5B%5D=slot.with_booked
Fetching: https://www.znanylekarz.pl/api/v3/doctors/374835/addresses/1027611/slots?start=2024-12-29T00%3A00%3A00%2B01%3A00&end=2025-01-12T00%3A00%3A00%2B01%3A00&includingSaasOnlyCalendar=false&with%5B%5D=address.nearest_slot_after_end&with%5B%5D=links.book.patient&with%5B%5D=slot.doctor_id&with%5B%5D=slot.address_id&with%5B%5D=slot.address&with%5B%5D=slot.with_booked
Fetching: https://www.znanylekarz.pl/api/v3/doctors/302078/addresses/902740/slots?start=2024-12-29T00%3A00%3A00%2B01%3A00&end=2025-01-12T00%3A00%3A00%2B01%3A00&includingSaasOnlyCalendar=false&with%5B%5D=address.nearest_slot_after_end&with%5B%5D=links.book.patient&with%5B%5D=slot.doctor_id&with%5B%5D=slot.address_id&with%5B%5D=slot.address&with%5B%5D=slot.with_booked
Writing results to /home/rkrawczyszyn/demos/response.json...
Done! Results saved to response.json.
[main 9f1acc9] updated at 2024-12-30 14:00:08
 2 files changed, 30 insertions(+), 333 deletions(-)
To https://github.com/rkrawczyszyn/demos.git
   fad7e89..9f1acc9  main -> main
Changes pushed with commit message: 'updated at 2024-12-30 14:00:08'
Fetching doctor slots...
Fetching: https://www.znanylekarz.pl/api/v3/doctors/350711/addresses/1074094/slots?start=2024-12-29T00%3A00%3A00%2B01%3A00&end=2025-01-12T00%3A00%3A00%2B01%3A00&includingSaasOnlyCalendar=false&with%5B%5D=address.nearest_slot_after_end&with%5B%5D=links.book.patient&with%5B%5D=slot.doctor_id&with%5B%5D=slot.address_id&with%5B%5D=slot.address&with%5B%5D=slot.with_booked
Fetching: https://www.znanylekarz.pl/api/v3/doctors/359103/addresses/982493/slots?start=2024-12-29T00%3A00%3A00%2B01%3A00&end=2025-01-12T00%3A00%3A00%2B01%3A00&includingSaasOnlyCalendar=false&with%5B%5D=address.nearest_slot_after_end&with%5B%5D=links.book.patient&with%5B%5D=slot.doctor_id&with%5B%5D=slot.address_id&with%5B%5D=slot.address&with%5B%5D=slot.with_booked
Fetching: https://www.znanylekarz.pl/api/v3/doctors/263877/addresses/995702/slots?start=2024-12-29T00%3A00%3A00%2B01%3A00&end=2025-01-12T00%3A00%3A00%2B01%3A00&includingSaasOnlyCalendar=false&with%5B%5D=address.nearest_slot_after_end&with%5B%5D=links.book.patient&with%5B%5D=slot.doctor_id&with%5B%5D=slot.address_id&with%5B%5D=slot.address&with%5B%5D=slot.with_booked
Fetching: https://www.znanylekarz.pl/api/v3/doctors/350774/addresses/966936/slots?start=2024-12-29T00%3A00%3A00%2B01%3A00&end=2025-01-12T00%3A00%3A00%2B01%3A00&includingSaasOnlyCalendar=false&with%5B%5D=address.nearest_slot_after_end&with%5B%5D=links.book.patient&with%5B%5D=slot.doctor_id&with%5B%5D=slot.address_id&with%5B%5D=slot.address&with%5B%5D=slot.with_booked
Fetching: https://www.znanylekarz.pl/api/v3/doctors/379624/addresses/1042766/slots?start=2024-12-29T00%3A00%3A00%2B01%3A00&end=2025-01-12T00%3A00%3A00%2B01%3A00&includingSaasOnlyCalendar=false&with%5B%5D=address.nearest_slot_after_end&with%5B%5D=links.book.patient&with%5B%5D=slot.doctor_id&with%5B%5D=slot.address_id&with%5B%5D=slot.address&with%5B%5D=slot.with_booked
Fetching: https://www.znanylekarz.pl/api/v3/doctors/262029/addresses/946215/slots?start=2024-12-29T00%3A00%3A00%2B01%3A00&end=2025-01-12T00%3A00%3A00%2B01%3A00&includingSaasOnlyCalendar=false&with%5B%5D=address.nearest_slot_after_end&with%5B%5D=links.book.patient&with%5B%5D=slot.doctor_id&with%5B%5D=slot.address_id&with%5B%5D=slot.address&with%5B%5D=slot.with_booked
Fetching: https://www.znanylekarz.pl/api/v3/doctors/348936/addresses/1031602/slots?start=2024-12-29T00%3A00%3A00%2B01%3A00&end=2025-01-12T00%3A00%3A00%2B01%3A00&includingSaasOnlyCalendar=false&with%5B%5D=address.nearest_slot_after_end&with%5B%5D=links.book.patient&with%5B%5D=slot.doctor_id&with%5B%5D=slot.address_id&with%5B%5D=slot.address&with%5B%5D=slot.with_booked
Fetching: https://www.znanylekarz.pl/api/v3/doctors/333060/addresses/950114/slots?start=2024-12-29T00%3A00%3A00%2B01%3A00&end=2025-01-12T00%3A00%3A00%2B01%3A00&includingSaasOnlyCalendar=false&with%5B%5D=address.nearest_slot_after_end&with%5B%5D=links.book.patient&with%5B%5D=slot.doctor_id&with%5B%5D=slot.address_id&with%5B%5D=slot.address&with%5B%5D=slot.with_booked
Fetching: https://www.znanylekarz.pl/api/v3/doctors/331654/addresses/879864/slots?start=2024-12-29T00%3A00%3A00%2B01%3A00&end=2025-01-12T00%3A00%3A00%2B01%3A00&includingSaasOnlyCalendar=false&with%5B%5D=address.nearest_slot_after_end&with%5B%5D=links.book.patient&with%5B%5D=slot.doctor_id&with%5B%5D=slot.address_id&with%5B%5D=slot.address&with%5B%5D=slot.with_booked
Fetching: https://www.znanylekarz.pl/api/v3/doctors/374835/addresses/1027611/slots?start=2024-12-29T00%3A00%3A00%2B01%3A00&end=2025-01-12T00%3A00%3A00%2B01%3A00&includingSaasOnlyCalendar=false&with%5B%5D=address.nearest_slot_after_end&with%5B%5D=links.book.patient&with%5B%5D=slot.doctor_id&with%5B%5D=slot.address_id&with%5B%5D=slot.address&with%5B%5D=slot.with_booked
Fetching: https://www.znanylekarz.pl/api/v3/doctors/302078/addresses/902740/slots?start=2024-12-29T00%3A00%3A00%2B01%3A00&end=2025-01-12T00%3A00%3A00%2B01%3A00&includingSaasOnlyCalendar=false&with%5B%5D=address.nearest_slot_after_end&with%5B%5D=links.book.patient&with%5B%5D=slot.doctor_id&with%5B%5D=slot.address_id&with%5B%5D=slot.address&with%5B%5D=slot.with_booked
Writing results to /home/rkrawczyszyn/demos/response.json...
Done! Results saved to response.json.
[main 9227920] updated at 2024-12-30 15:00:08
 2 files changed, 22 insertions(+), 31 deletions(-)
To https://github.com/rkrawczyszyn/demos.git
   9f1acc9..9227920  main -> main
Changes pushed with commit message: 'updated at 2024-12-30 15:00:08'
Fetching doctor slots...
Fetching: https://www.znanylekarz.pl/api/v3/doctors/350711/addresses/1074094/slots?start=2024-12-29T00%3A00%3A00%2B01%3A00&end=2025-01-12T00%3A00%3A00%2B01%3A00&includingSaasOnlyCalendar=false&with%5B%5D=address.nearest_slot_after_end&with%5B%5D=links.book.patient&with%5B%5D=slot.doctor_id&with%5B%5D=slot.address_id&with%5B%5D=slot.address&with%5B%5D=slot.with_booked
Fetching: https://www.znanylekarz.pl/api/v3/doctors/359103/addresses/982493/slots?start=2024-12-29T00%3A00%3A00%2B01%3A00&end=2025-01-12T00%3A00%3A00%2B01%3A00&includingSaasOnlyCalendar=false&with%5B%5D=address.nearest_slot_after_end&with%5B%5D=links.book.patient&with%5B%5D=slot.doctor_id&with%5B%5D=slot.address_id&with%5B%5D=slot.address&with%5B%5D=slot.with_booked
Fetching: https://www.znanylekarz.pl/api/v3/doctors/263877/addresses/995702/slots?start=2024-12-29T00%3A00%3A00%2B01%3A00&end=2025-01-12T00%3A00%3A00%2B01%3A00&includingSaasOnlyCalendar=false&with%5B%5D=address.nearest_slot_after_end&with%5B%5D=links.book.patient&with%5B%5D=slot.doctor_id&with%5B%5D=slot.address_id&with%5B%5D=slot.address&with%5B%5D=slot.with_booked
Fetching: https://www.znanylekarz.pl/api/v3/doctors/350774/addresses/966936/slots?start=2024-12-29T00%3A00%3A00%2B01%3A00&end=2025-01-12T00%3A00%3A00%2B01%3A00&includingSaasOnlyCalendar=false&with%5B%5D=address.nearest_slot_after_end&with%5B%5D=links.book.patient&with%5B%5D=slot.doctor_id&with%5B%5D=slot.address_id&with%5B%5D=slot.address&with%5B%5D=slot.with_booked
Fetching: https://www.znanylekarz.pl/api/v3/doctors/379624/addresses/1042766/slots?start=2024-12-29T00%3A00%3A00%2B01%3A00&end=2025-01-12T00%3A00%3A00%2B01%3A00&includingSaasOnlyCalendar=false&with%5B%5D=address.nearest_slot_after_end&with%5B%5D=links.book.patient&with%5B%5D=slot.doctor_id&with%5B%5D=slot.address_id&with%5B%5D=slot.address&with%5B%5D=slot.with_booked
Fetching: https://www.znanylekarz.pl/api/v3/doctors/262029/addresses/946215/slots?start=2024-12-29T00%3A00%3A00%2B01%3A00&end=2025-01-12T00%3A00%3A00%2B01%3A00&includingSaasOnlyCalendar=false&with%5B%5D=address.nearest_slot_after_end&with%5B%5D=links.book.patient&with%5B%5D=slot.doctor_id&with%5B%5D=slot.address_id&with%5B%5D=slot.address&with%5B%5D=slot.with_booked
Fetching: https://www.znanylekarz.pl/api/v3/doctors/348936/addresses/1031602/slots?start=2024-12-29T00%3A00%3A00%2B01%3A00&end=2025-01-12T00%3A00%3A00%2B01%3A00&includingSaasOnlyCalendar=false&with%5B%5D=address.nearest_slot_after_end&with%5B%5D=links.book.patient&with%5B%5D=slot.doctor_id&with%5B%5D=slot.address_id&with%5B%5D=slot.address&with%5B%5D=slot.with_booked
Fetching: https://www.znanylekarz.pl/api/v3/doctors/333060/addresses/950114/slots?start=2024-12-29T00%3A00%3A00%2B01%3A00&end=2025-01-12T00%3A00%3A00%2B01%3A00&includingSaasOnlyCalendar=false&with%5B%5D=address.nearest_slot_after_end&with%5B%5D=links.book.patient&with%5B%5D=slot.doctor_id&with%5B%5D=slot.address_id&with%5B%5D=slot.address&with%5B%5D=slot.with_booked
Fetching: https://www.znanylekarz.pl/api/v3/doctors/331654/addresses/879864/slots?start=2024-12-29T00%3A00%3A00%2B01%3A00&end=2025-01-12T00%3A00%3A00%2B01%3A00&includingSaasOnlyCalendar=false&with%5B%5D=address.nearest_slot_after_end&with%5B%5D=links.book.patient&with%5B%5D=slot.doctor_id&with%5B%5D=slot.address_id&with%5B%5D=slot.address&with%5B%5D=slot.with_booked
Fetching: https://www.znanylekarz.pl/api/v3/doctors/374835/addresses/1027611/slots?start=2024-12-29T00%3A00%3A00%2B01%3A00&end=2025-01-12T00%3A00%3A00%2B01%3A00&includingSaasOnlyCalendar=false&with%5B%5D=address.nearest_slot_after_end&with%5B%5D=links.book.patient&with%5B%5D=slot.doctor_id&with%5B%5D=slot.address_id&with%5B%5D=slot.address&with%5B%5D=slot.with_booked
Fetching: https://www.znanylekarz.pl/api/v3/doctors/302078/addresses/902740/slots?start=2024-12-29T00%3A00%3A00%2B01%3A00&end=2025-01-12T00%3A00%3A00%2B01%3A00&includingSaasOnlyCalendar=false&with%5B%5D=address.nearest_slot_after_end&with%5B%5D=links.book.patient&with%5B%5D=slot.doctor_id&with%5B%5D=slot.address_id&with%5B%5D=slot.address&with%5B%5D=slot.with_booked
Writing results to /home/rkrawczyszyn/demos/response.json...
Done! Results saved to response.json.
[main 1496e9f] updated at 2024-12-30 16:00:08
 2 files changed, 22 insertions(+), 31 deletions(-)
To https://github.com/rkrawczyszyn/demos.git
   9227920..1496e9f  main -> main
Changes pushed with commit message: 'updated at 2024-12-30 16:00:08'
Fetching doctor slots...
Fetching: https://www.znanylekarz.pl/api/v3/doctors/350711/addresses/1074094/slots?start=2024-12-29T00%3A00%3A00%2B01%3A00&end=2025-01-12T00%3A00%3A00%2B01%3A00&includingSaasOnlyCalendar=false&with%5B%5D=address.nearest_slot_after_end&with%5B%5D=links.book.patient&with%5B%5D=slot.doctor_id&with%5B%5D=slot.address_id&with%5B%5D=slot.address&with%5B%5D=slot.with_booked
Fetching: https://www.znanylekarz.pl/api/v3/doctors/359103/addresses/982493/slots?start=2024-12-29T00%3A00%3A00%2B01%3A00&end=2025-01-12T00%3A00%3A00%2B01%3A00&includingSaasOnlyCalendar=false&with%5B%5D=address.nearest_slot_after_end&with%5B%5D=links.book.patient&with%5B%5D=slot.doctor_id&with%5B%5D=slot.address_id&with%5B%5D=slot.address&with%5B%5D=slot.with_booked
Fetching: https://www.znanylekarz.pl/api/v3/doctors/263877/addresses/995702/slots?start=2024-12-29T00%3A00%3A00%2B01%3A00&end=2025-01-12T00%3A00%3A00%2B01%3A00&includingSaasOnlyCalendar=false&with%5B%5D=address.nearest_slot_after_end&with%5B%5D=links.book.patient&with%5B%5D=slot.doctor_id&with%5B%5D=slot.address_id&with%5B%5D=slot.address&with%5B%5D=slot.with_booked
Fetching: https://www.znanylekarz.pl/api/v3/doctors/350774/addresses/966936/slots?start=2024-12-29T00%3A00%3A00%2B01%3A00&end=2025-01-12T00%3A00%3A00%2B01%3A00&includingSaasOnlyCalendar=false&with%5B%5D=address.nearest_slot_after_end&with%5B%5D=links.book.patient&with%5B%5D=slot.doctor_id&with%5B%5D=slot.address_id&with%5B%5D=slot.address&with%5B%5D=slot.with_booked
Fetching: https://www.znanylekarz.pl/api/v3/doctors/379624/addresses/1042766/slots?start=2024-12-29T00%3A00%3A00%2B01%3A00&end=2025-01-12T00%3A00%3A00%2B01%3A00&includingSaasOnlyCalendar=false&with%5B%5D=address.nearest_slot_after_end&with%5B%5D=links.book.patient&with%5B%5D=slot.doctor_id&with%5B%5D=slot.address_id&with%5B%5D=slot.address&with%5B%5D=slot.with_booked
Fetching: https://www.znanylekarz.pl/api/v3/doctors/262029/addresses/946215/slots?start=2024-12-29T00%3A00%3A00%2B01%3A00&end=2025-01-12T00%3A00%3A00%2B01%3A00&includingSaasOnlyCalendar=false&with%5B%5D=address.nearest_slot_after_end&with%5B%5D=links.book.patient&with%5B%5D=slot.doctor_id&with%5B%5D=slot.address_id&with%5B%5D=slot.address&with%5B%5D=slot.with_booked
Fetching: https://www.znanylekarz.pl/api/v3/doctors/348936/addresses/1031602/slots?start=2024-12-29T00%3A00%3A00%2B01%3A00&end=2025-01-12T00%3A00%3A00%2B01%3A00&includingSaasOnlyCalendar=false&with%5B%5D=address.nearest_slot_after_end&with%5B%5D=links.book.patient&with%5B%5D=slot.doctor_id&with%5B%5D=slot.address_id&with%5B%5D=slot.address&with%5B%5D=slot.with_booked
Fetching: https://www.znanylekarz.pl/api/v3/doctors/333060/addresses/950114/slots?start=2024-12-29T00%3A00%3A00%2B01%3A00&end=2025-01-12T00%3A00%3A00%2B01%3A00&includingSaasOnlyCalendar=false&with%5B%5D=address.nearest_slot_after_end&with%5B%5D=links.book.patient&with%5B%5D=slot.doctor_id&with%5B%5D=slot.address_id&with%5B%5D=slot.address&with%5B%5D=slot.with_booked
Fetching: https://www.znanylekarz.pl/api/v3/doctors/331654/addresses/879864/slots?start=2024-12-29T00%3A00%3A00%2B01%3A00&end=2025-01-12T00%3A00%3A00%2B01%3A00&includingSaasOnlyCalendar=false&with%5B%5D=address.nearest_slot_after_end&with%5B%5D=links.book.patient&with%5B%5D=slot.doctor_id&with%5B%5D=slot.address_id&with%5B%5D=slot.address&with%5B%5D=slot.with_booked
Fetching: https://www.znanylekarz.pl/api/v3/doctors/374835/addresses/1027611/slots?start=2024-12-29T00%3A00%3A00%2B01%3A00&end=2025-01-12T00%3A00%3A00%2B01%3A00&includingSaasOnlyCalendar=false&with%5B%5D=address.nearest_slot_after_end&with%5B%5D=links.book.patient&with%5B%5D=slot.doctor_id&with%5B%5D=slot.address_id&with%5B%5D=slot.address&with%5B%5D=slot.with_booked
Fetching: https://www.znanylekarz.pl/api/v3/doctors/302078/addresses/902740/slots?start=2024-12-29T00%3A00%3A00%2B01%3A00&end=2025-01-12T00%3A00%3A00%2B01%3A00&includingSaasOnlyCalendar=false&with%5B%5D=address.nearest_slot_after_end&with%5B%5D=links.book.patient&with%5B%5D=slot.doctor_id&with%5B%5D=slot.address_id&with%5B%5D=slot.address&with%5B%5D=slot.with_booked
Writing results to /home/rkrawczyszyn/demos/response.json...
Done! Results saved to response.json.
